{"P:\\Node\\node-binance\\src\\Binance.ts": {"path":"P:\\Node\\node-binance\\src\\Binance.ts","statementMap":{"0":{"start":{"line":1,"column":0},"end":{"line":1,"column":37}},"1":{"start":{"line":2,"column":0},"end":{"line":2,"column":53}},"2":{"start":{"line":3,"column":0},"end":{"line":3,"column":33}},"3":{"start":{"line":5,"column":0},"end":{"line":5,"column":38}},"4":{"start":{"line":6,"column":0},"end":{"line":6,"column":38}},"5":{"start":{"line":7,"column":0},"end":{"line":7,"column":34}},"6":{"start":{"line":8,"column":0},"end":{"line":8,"column":38}},"7":{"start":{"line":9,"column":0},"end":{"line":9,"column":38}},"8":{"start":{"line":11,"column":0},"end":{"line":11,"column":null}},"9":{"start":{"line":17,"column":12},"end":{"line":17,"column":55}},"10":{"start":{"line":18,"column":12},"end":{"line":18,"column":62}},"11":{"start":{"line":20,"column":12},"end":{"line":20,"column":60}},"12":{"start":{"line":22,"column":12},"end":{"line":22,"column":75}},"13":{"start":{"line":24,"column":12},"end":{"line":24,"column":131}},"14":{"start":{"line":120,"column":4},"end":{"line":120,"column":65}},"15":{"start":{"line":121,"column":4},"end":{"line":121,"column":67}},"16":{"start":{"line":122,"column":4},"end":{"line":122,"column":65}},"17":{"start":{"line":123,"column":4},"end":{"line":123,"column":63}},"18":{"start":{"line":124,"column":4},"end":{"line":124,"column":61}},"19":{"start":{"line":125,"column":4},"end":{"line":125,"column":69}},"20":{"start":{"line":126,"column":4},"end":{"line":126,"column":51}},"21":{"start":{"line":127,"column":4},"end":{"line":127,"column":61}},"22":{"start":{"line":128,"column":4},"end":{"line":128,"column":53}},"23":{"start":{"line":129,"column":4},"end":{"line":129,"column":59}},"24":{"start":{"line":130,"column":4},"end":{"line":130,"column":53}},"25":{"start":{"line":131,"column":4},"end":{"line":131,"column":77}},"26":{"start":{"line":132,"column":4},"end":{"line":132,"column":63}},"27":{"start":{"line":133,"column":4},"end":{"line":133,"column":53}},"28":{"start":{"line":134,"column":4},"end":{"line":134,"column":87}},"29":{"start":{"line":135,"column":4},"end":{"line":135,"column":85}},"30":{"start":{"line":138,"column":4},"end":{"line":138,"column":69}},"31":{"start":{"line":139,"column":4},"end":{"line":139,"column":67}},"32":{"start":{"line":140,"column":4},"end":{"line":140,"column":75}},"33":{"start":{"line":141,"column":4},"end":{"line":141,"column":55}},"34":{"start":{"line":142,"column":4},"end":{"line":142,"column":69}},"35":{"start":{"line":143,"column":4},"end":{"line":143,"column":65}},"36":{"start":{"line":144,"column":4},"end":{"line":144,"column":75}},"37":{"start":{"line":145,"column":4},"end":{"line":145,"column":55}},"38":{"start":{"line":146,"column":4},"end":{"line":146,"column":75}},"39":{"start":{"line":147,"column":4},"end":{"line":147,"column":79}},"40":{"start":{"line":148,"column":4},"end":{"line":148,"column":71}},"41":{"start":{"line":149,"column":4},"end":{"line":149,"column":79}},"42":{"start":{"line":152,"column":4},"end":{"line":152,"column":55}},"43":{"start":{"line":153,"column":4},"end":{"line":153,"column":47}},"44":{"start":{"line":154,"column":4},"end":{"line":154,"column":53}},"45":{"start":{"line":155,"column":4},"end":{"line":155,"column":77}},"46":{"start":{"line":156,"column":4},"end":{"line":156,"column":51}},"47":{"start":{"line":157,"column":4},"end":{"line":157,"column":65}},"48":{"start":{"line":158,"column":4},"end":{"line":158,"column":49}},"49":{"start":{"line":159,"column":4},"end":{"line":159,"column":43}},"50":{"start":{"line":160,"column":4},"end":{"line":160,"column":49}},"51":{"start":{"line":161,"column":4},"end":{"line":161,"column":47}},"52":{"start":{"line":162,"column":4},"end":{"line":162,"column":53}},"53":{"start":{"line":163,"column":4},"end":{"line":163,"column":55}},"54":{"start":{"line":164,"column":4},"end":{"line":164,"column":67}},"55":{"start":{"line":165,"column":4},"end":{"line":165,"column":63}},"56":{"start":{"line":168,"column":4},"end":{"line":168,"column":89}},"57":{"start":{"line":169,"column":4},"end":{"line":169,"column":63}},"58":{"start":{"line":170,"column":4},"end":{"line":170,"column":61}},"59":{"start":{"line":171,"column":4},"end":{"line":171,"column":69}},"60":{"start":{"line":172,"column":4},"end":{"line":172,"column":77}},"61":{"start":{"line":173,"column":4},"end":{"line":173,"column":83}},"62":{"start":{"line":174,"column":4},"end":{"line":174,"column":81}},"63":{"start":{"line":175,"column":4},"end":{"line":175,"column":79}},"64":{"start":{"line":176,"column":4},"end":{"line":176,"column":65}},"65":{"start":{"line":177,"column":4},"end":{"line":177,"column":71}},"66":{"start":{"line":178,"column":4},"end":{"line":178,"column":95}},"67":{"start":{"line":179,"column":4},"end":{"line":179,"column":67}},"68":{"start":{"line":180,"column":4},"end":{"line":180,"column":69}},"69":{"start":{"line":181,"column":4},"end":{"line":181,"column":73}},"70":{"start":{"line":182,"column":4},"end":{"line":182,"column":89}},"71":{"start":{"line":183,"column":4},"end":{"line":183,"column":97}},"72":{"start":{"line":184,"column":4},"end":{"line":184,"column":83}},"73":{"start":{"line":185,"column":4},"end":{"line":185,"column":91}},"74":{"start":{"line":186,"column":4},"end":{"line":186,"column":89}},"75":{"start":{"line":187,"column":4},"end":{"line":187,"column":91}},"76":{"start":{"line":188,"column":4},"end":{"line":188,"column":65}},"77":{"start":{"line":189,"column":4},"end":{"line":189,"column":87}},"78":{"start":{"line":190,"column":4},"end":{"line":190,"column":91}},"79":{"start":{"line":191,"column":4},"end":{"line":191,"column":95}},"80":{"start":{"line":192,"column":4},"end":{"line":192,"column":101}},"81":{"start":{"line":193,"column":4},"end":{"line":193,"column":97}},"82":{"start":{"line":194,"column":4},"end":{"line":194,"column":87}},"83":{"start":{"line":195,"column":4},"end":{"line":195,"column":89}},"84":{"start":{"line":198,"column":4},"end":{"line":198,"column":65}},"85":{"start":{"line":199,"column":4},"end":{"line":199,"column":47}},"86":{"start":{"line":200,"column":4},"end":{"line":200,"column":59}},"87":{"start":{"line":201,"column":4},"end":{"line":201,"column":89}},"88":{"start":{"line":202,"column":4},"end":{"line":202,"column":77}},"89":{"start":{"line":203,"column":4},"end":{"line":203,"column":81}},"90":{"start":{"line":204,"column":4},"end":{"line":204,"column":69}},"91":{"start":{"line":205,"column":4},"end":{"line":205,"column":89}},"92":{"start":{"line":206,"column":4},"end":{"line":206,"column":65}},"93":{"start":{"line":207,"column":4},"end":{"line":207,"column":69}},"94":{"start":{"line":27,"column":6},"end":{"line":27,"column":66}},"95":{"start":{"line":27,"column":19},"end":{"line":27,"column":66}},"96":{"start":{"line":28,"column":6},"end":{"line":28,"column":72}},"97":{"start":{"line":28,"column":22},"end":{"line":28,"column":72}},"98":{"start":{"line":30,"column":6},"end":{"line":30,"column":27}},"99":{"start":{"line":31,"column":6},"end":{"line":31,"column":33}},"100":{"start":{"line":32,"column":6},"end":{"line":32,"column":31}},"101":{"start":{"line":42,"column":22},"end":{"line":42,"column":79}},"102":{"start":{"line":46,"column":6},"end":{"line":55,"column":null}},"103":{"start":{"line":47,"column":8},"end":{"line":49,"column":10}},"104":{"start":{"line":51,"column":8},"end":{"line":54,"column":10}},"105":{"start":{"line":57,"column":22},"end":{"line":57,"column":26}},"106":{"start":{"line":59,"column":22},"end":{"line":59,"column":59}},"107":{"start":{"line":60,"column":20},"end":{"line":60,"column":55}},"108":{"start":{"line":62,"column":6},"end":{"line":66,"column":null}},"109":{"start":{"line":63,"column":8},"end":{"line":63,"column":65}},"110":{"start":{"line":65,"column":8},"end":{"line":65,"column":60}},"111":{"start":{"line":68,"column":6},"end":{"line":84,"column":9}},"112":{"start":{"line":69,"column":8},"end":{"line":83,"column":13}},"113":{"start":{"line":74,"column":12},"end":{"line":74,"column":74}},"114":{"start":{"line":74,"column":36},"end":{"line":74,"column":74}},"115":{"start":{"line":75,"column":12},"end":{"line":75,"column":72}},"116":{"start":{"line":75,"column":36},"end":{"line":75,"column":72}},"117":{"start":{"line":77,"column":12},"end":{"line":77,"column":30}},"118":{"start":{"line":80,"column":12},"end":{"line":80,"column":54}},"119":{"start":{"line":80,"column":42},"end":{"line":80,"column":54}},"120":{"start":{"line":82,"column":12},"end":{"line":82,"column":30}},"121":{"start":{"line":88,"column":6},"end":{"line":93,"column":8}},"122":{"start":{"line":91,"column":24},"end":{"line":91,"column":47}},"123":{"start":{"line":97,"column":37},"end":{"line":99,"column":8}},"124":{"start":{"line":101,"column":6},"end":{"line":103,"column":null}},"125":{"start":{"line":102,"column":8},"end":{"line":102,"column":46}},"126":{"start":{"line":105,"column":6},"end":{"line":105,"column":21}},"127":{"start":{"line":109,"column":6},"end":{"line":109,"column":62}},"128":{"start":{"line":109,"column":33},"end":{"line":109,"column":62}},"129":{"start":{"line":111,"column":17},"end":{"line":111,"column":61}},"130":{"start":{"line":112,"column":6},"end":{"line":112,"column":37}},"131":{"start":{"line":112,"column":26},"end":{"line":112,"column":35}},"132":{"start":{"line":113,"column":6},"end":{"line":113,"column":53}},"133":{"start":{"line":113,"column":27},"end":{"line":113,"column":51}},"134":{"start":{"line":114,"column":6},"end":{"line":114,"column":53}},"135":{"start":{"line":114,"column":26},"end":{"line":114,"column":51}},"136":{"start":{"line":116,"column":6},"end":{"line":116,"column":16}},"137":{"start":{"line":12,"column":15},"end":{"line":208,"column":null}},"138":{"start":{"line":230,"column":2},"end":{"line":230,"column":null}},"139":{"start":{"line":231,"column":4},"end":{"line":231,"column":null}},"140":{"start":{"line":232,"column":4},"end":{"line":232,"column":null}},"141":{"start":{"line":233,"column":4},"end":{"line":233,"column":null}},"142":{"start":{"line":234,"column":4},"end":{"line":234,"column":null}},"143":{"start":{"line":237,"column":2},"end":{"line":237,"column":null}},"144":{"start":{"line":238,"column":4},"end":{"line":238,"column":null}},"145":{"start":{"line":239,"column":4},"end":{"line":239,"column":null}},"146":{"start":{"line":240,"column":4},"end":{"line":240,"column":null}},"147":{"start":{"line":241,"column":4},"end":{"line":241,"column":null}},"148":{"start":{"line":242,"column":4},"end":{"line":242,"column":null}},"149":{"start":{"line":243,"column":4},"end":{"line":243,"column":null}},"150":{"start":{"line":246,"column":2},"end":{"line":246,"column":null}},"151":{"start":{"line":247,"column":4},"end":{"line":247,"column":null}},"152":{"start":{"line":248,"column":4},"end":{"line":248,"column":null}},"153":{"start":{"line":249,"column":4},"end":{"line":249,"column":null}},"154":{"start":{"line":250,"column":4},"end":{"line":250,"column":null}},"155":{"start":{"line":251,"column":4},"end":{"line":251,"column":null}},"156":{"start":{"line":252,"column":4},"end":{"line":252,"column":null}},"157":{"start":{"line":253,"column":4},"end":{"line":253,"column":null}},"158":{"start":{"line":256,"column":2},"end":{"line":256,"column":null}},"159":{"start":{"line":257,"column":4},"end":{"line":257,"column":null}},"160":{"start":{"line":258,"column":4},"end":{"line":258,"column":null}},"161":{"start":{"line":261,"column":2},"end":{"line":261,"column":null}},"162":{"start":{"line":262,"column":4},"end":{"line":262,"column":null}},"163":{"start":{"line":263,"column":4},"end":{"line":263,"column":null}},"164":{"start":{"line":264,"column":4},"end":{"line":264,"column":null}},"165":{"start":{"line":267,"column":2},"end":{"line":267,"column":null}},"166":{"start":{"line":268,"column":4},"end":{"line":268,"column":null}},"167":{"start":{"line":269,"column":4},"end":{"line":269,"column":null}},"168":{"start":{"line":270,"column":4},"end":{"line":270,"column":null}},"169":{"start":{"line":273,"column":2},"end":{"line":273,"column":null}},"170":{"start":{"line":274,"column":4},"end":{"line":274,"column":null}},"171":{"start":{"line":275,"column":4},"end":{"line":275,"column":null}},"172":{"start":{"line":276,"column":4},"end":{"line":276,"column":null}},"173":{"start":{"line":277,"column":4},"end":{"line":277,"column":null}},"174":{"start":{"line":278,"column":4},"end":{"line":278,"column":null}},"175":{"start":{"line":279,"column":4},"end":{"line":279,"column":null}},"176":{"start":{"line":280,"column":4},"end":{"line":280,"column":null}},"177":{"start":{"line":283,"column":2},"end":{"line":283,"column":null}},"178":{"start":{"line":284,"column":4},"end":{"line":284,"column":null}},"179":{"start":{"line":285,"column":4},"end":{"line":285,"column":null}},"180":{"start":{"line":286,"column":4},"end":{"line":286,"column":null}},"181":{"start":{"line":289,"column":2},"end":{"line":289,"column":null}},"182":{"start":{"line":290,"column":4},"end":{"line":290,"column":null}},"183":{"start":{"line":291,"column":4},"end":{"line":291,"column":null}},"184":{"start":{"line":292,"column":4},"end":{"line":292,"column":null}},"185":{"start":{"line":293,"column":4},"end":{"line":293,"column":null}},"186":{"start":{"line":294,"column":4},"end":{"line":294,"column":null}},"187":{"start":{"line":295,"column":4},"end":{"line":295,"column":null}},"188":{"start":{"line":296,"column":4},"end":{"line":296,"column":null}},"189":{"start":{"line":299,"column":2},"end":{"line":299,"column":null}},"190":{"start":{"line":300,"column":4},"end":{"line":300,"column":null}},"191":{"start":{"line":301,"column":4},"end":{"line":301,"column":null}},"192":{"start":{"line":302,"column":4},"end":{"line":302,"column":null}},"193":{"start":{"line":303,"column":4},"end":{"line":303,"column":null}},"194":{"start":{"line":304,"column":4},"end":{"line":304,"column":null}},"195":{"start":{"line":305,"column":4},"end":{"line":305,"column":null}},"196":{"start":{"line":306,"column":4},"end":{"line":306,"column":null}},"197":{"start":{"line":307,"column":4},"end":{"line":307,"column":null}},"198":{"start":{"line":308,"column":4},"end":{"line":308,"column":null}},"199":{"start":{"line":309,"column":4},"end":{"line":309,"column":null}},"200":{"start":{"line":310,"column":4},"end":{"line":310,"column":null}},"201":{"start":{"line":311,"column":4},"end":{"line":311,"column":null}},"202":{"start":{"line":312,"column":4},"end":{"line":312,"column":null}},"203":{"start":{"line":313,"column":4},"end":{"line":313,"column":null}},"204":{"start":{"line":314,"column":4},"end":{"line":314,"column":null}}},"fnMap":{"0":{"name":"(anonymous_0)","decl":{"start":{"line":11,"column":0},"end":{"line":11,"column":17}},"loc":{"start":{"line":11,"column":24},"end":{"line":316,"column":1}}},"1":{"name":"(anonymous_1)","decl":{"start":{"line":26,"column":4},"end":{"line":26,"column":16}},"loc":{"start":{"line":26,"column":75},"end":{"line":33,"column":5}}},"2":{"name":"(anonymous_2)","decl":{"start":{"line":35,"column":14},"end":{"line":35,"column":25}},"loc":{"start":{"line":40,"column":39},"end":{"line":85,"column":5}}},"3":{"name":"(anonymous_3)","decl":{"start":{"line":68,"column":25},"end":{"line":68,"column":26}},"loc":{"start":{"line":68,"column":45},"end":{"line":84,"column":7}}},"4":{"name":"(anonymous_4)","decl":{"start":{"line":73,"column":16},"end":{"line":73,"column":17}},"loc":{"start":{"line":73,"column":24},"end":{"line":78,"column":11}}},"5":{"name":"(anonymous_5)","decl":{"start":{"line":79,"column":16},"end":{"line":79,"column":17}},"loc":{"start":{"line":79,"column":29},"end":{"line":83,"column":11}}},"6":{"name":"(anonymous_6)","decl":{"start":{"line":87,"column":12},"end":{"line":87,"column":25}},"loc":{"start":{"line":87,"column":52},"end":{"line":94,"column":5}}},"7":{"name":"(anonymous_7)","decl":{"start":{"line":91,"column":15},"end":{"line":91,"column":16}},"loc":{"start":{"line":91,"column":24},"end":{"line":91,"column":47}}},"8":{"name":"(anonymous_8)","decl":{"start":{"line":96,"column":12},"end":{"line":96,"column":30}},"loc":{"start":{"line":96,"column":58},"end":{"line":106,"column":5}}},"9":{"name":"(anonymous_9)","decl":{"start":{"line":108,"column":14},"end":{"line":108,"column":26}},"loc":{"start":{"line":108,"column":38},"end":{"line":117,"column":5}}},"10":{"name":"(anonymous_10)","decl":{"start":{"line":112,"column":20},"end":{"line":112,"column":23}},"loc":{"start":{"line":112,"column":26},"end":{"line":112,"column":35}}},"11":{"name":"(anonymous_11)","decl":{"start":{"line":113,"column":21},"end":{"line":113,"column":24}},"loc":{"start":{"line":113,"column":27},"end":{"line":113,"column":51}}},"12":{"name":"(anonymous_12)","decl":{"start":{"line":114,"column":20},"end":{"line":114,"column":23}},"loc":{"start":{"line":114,"column":26},"end":{"line":114,"column":51}}},"13":{"name":"(anonymous_13)","decl":{"start":{"line":230,"column":2},"end":{"line":230,"column":14}},"loc":{"start":{"line":230,"column":28},"end":{"line":235,"column":3}}},"14":{"name":"(anonymous_14)","decl":{"start":{"line":237,"column":2},"end":{"line":237,"column":14}},"loc":{"start":{"line":237,"column":27},"end":{"line":244,"column":3}}},"15":{"name":"(anonymous_15)","decl":{"start":{"line":246,"column":2},"end":{"line":246,"column":14}},"loc":{"start":{"line":246,"column":24},"end":{"line":254,"column":3}}},"16":{"name":"(anonymous_16)","decl":{"start":{"line":256,"column":2},"end":{"line":256,"column":14}},"loc":{"start":{"line":256,"column":24},"end":{"line":259,"column":3}}},"17":{"name":"(anonymous_17)","decl":{"start":{"line":261,"column":2},"end":{"line":261,"column":14}},"loc":{"start":{"line":261,"column":32},"end":{"line":265,"column":3}}},"18":{"name":"(anonymous_18)","decl":{"start":{"line":267,"column":2},"end":{"line":267,"column":14}},"loc":{"start":{"line":267,"column":31},"end":{"line":271,"column":3}}},"19":{"name":"(anonymous_19)","decl":{"start":{"line":273,"column":2},"end":{"line":273,"column":14}},"loc":{"start":{"line":273,"column":26},"end":{"line":281,"column":3}}},"20":{"name":"(anonymous_20)","decl":{"start":{"line":283,"column":2},"end":{"line":283,"column":14}},"loc":{"start":{"line":283,"column":34},"end":{"line":287,"column":3}}},"21":{"name":"(anonymous_21)","decl":{"start":{"line":289,"column":2},"end":{"line":289,"column":14}},"loc":{"start":{"line":289,"column":25},"end":{"line":297,"column":3}}},"22":{"name":"(anonymous_22)","decl":{"start":{"line":299,"column":2},"end":{"line":299,"column":14}},"loc":{"start":{"line":299,"column":23},"end":{"line":315,"column":3}}}},"branchMap":{"0":{"loc":{"start":{"line":26,"column":71},"end":{"line":26,"column":75}},"type":"default-arg","locations":[{"start":{"line":26,"column":71},"end":{"line":26,"column":75}}]},"1":{"loc":{"start":{"line":27,"column":6},"end":{"line":27,"column":66}},"type":"if","locations":[{"start":{"line":27,"column":6},"end":{"line":27,"column":66}},{"start":{"line":27,"column":6},"end":{"line":27,"column":66}}]},"2":{"loc":{"start":{"line":28,"column":6},"end":{"line":28,"column":72}},"type":"if","locations":[{"start":{"line":28,"column":6},"end":{"line":28,"column":72}},{"start":{"line":28,"column":6},"end":{"line":28,"column":72}}]},"3":{"loc":{"start":{"line":40,"column":34},"end":{"line":40,"column":39}},"type":"default-arg","locations":[{"start":{"line":40,"column":34},"end":{"line":40,"column":39}}]},"4":{"loc":{"start":{"line":42,"column":38},"end":{"line":42,"column":57}},"type":"cond-expr","locations":[{"start":{"line":42,"column":38},"end":{"line":42,"column":57}},{"start":{"line":42,"column":60},"end":{"line":42,"column":79}}]},"5":{"loc":{"start":{"line":46,"column":6},"end":{"line":55,"column":null}},"type":"if","locations":[{"start":{"line":46,"column":6},"end":{"line":55,"column":null}},{"start":{"line":46,"column":6},"end":{"line":55,"column":null}}]},"6":{"loc":{"start":{"line":62,"column":6},"end":{"line":66,"column":null}},"type":"if","locations":[{"start":{"line":62,"column":6},"end":{"line":66,"column":null}},{"start":{"line":62,"column":6},"end":{"line":66,"column":null}}]},"7":{"loc":{"start":{"line":74,"column":12},"end":{"line":74,"column":74}},"type":"if","locations":[{"start":{"line":74,"column":12},"end":{"line":74,"column":74}},{"start":{"line":74,"column":12},"end":{"line":74,"column":74}}]},"8":{"loc":{"start":{"line":75,"column":12},"end":{"line":75,"column":72}},"type":"if","locations":[{"start":{"line":75,"column":12},"end":{"line":75,"column":72}},{"start":{"line":75,"column":12},"end":{"line":75,"column":72}}]},"9":{"loc":{"start":{"line":80,"column":12},"end":{"line":80,"column":54}},"type":"if","locations":[{"start":{"line":80,"column":12},"end":{"line":80,"column":54}},{"start":{"line":80,"column":12},"end":{"line":80,"column":54}}]},"10":{"loc":{"start":{"line":80,"column":16},"end":{"line":80,"column":24}},"type":"binary-expr","locations":[{"start":{"line":80,"column":16},"end":{"line":80,"column":24}},{"start":{"line":80,"column":28},"end":{"line":80,"column":40}}]},"11":{"loc":{"start":{"line":101,"column":6},"end":{"line":103,"column":null}},"type":"if","locations":[{"start":{"line":101,"column":6},"end":{"line":103,"column":null}},{"start":{"line":101,"column":6},"end":{"line":103,"column":null}}]},"12":{"loc":{"start":{"line":109,"column":6},"end":{"line":109,"column":62}},"type":"if","locations":[{"start":{"line":109,"column":6},"end":{"line":109,"column":62}},{"start":{"line":109,"column":6},"end":{"line":109,"column":62}}]},"13":{"loc":{"start":{"line":230,"column":14},"end":{"line":230,"column":28}},"type":"binary-expr","locations":[{"start":{"line":230,"column":14},"end":{"line":230,"column":28}},{"start":{"line":230,"column":14},"end":{"line":230,"column":null}}]},"14":{"loc":{"start":{"line":237,"column":14},"end":{"line":237,"column":27}},"type":"binary-expr","locations":[{"start":{"line":237,"column":14},"end":{"line":237,"column":27}},{"start":{"line":237,"column":14},"end":{"line":237,"column":null}}]},"15":{"loc":{"start":{"line":246,"column":14},"end":{"line":246,"column":24}},"type":"binary-expr","locations":[{"start":{"line":246,"column":14},"end":{"line":246,"column":24}},{"start":{"line":246,"column":14},"end":{"line":246,"column":null}}]},"16":{"loc":{"start":{"line":256,"column":14},"end":{"line":256,"column":24}},"type":"binary-expr","locations":[{"start":{"line":256,"column":14},"end":{"line":256,"column":24}},{"start":{"line":256,"column":14},"end":{"line":256,"column":null}}]},"17":{"loc":{"start":{"line":261,"column":14},"end":{"line":261,"column":32}},"type":"binary-expr","locations":[{"start":{"line":261,"column":14},"end":{"line":261,"column":32}},{"start":{"line":261,"column":14},"end":{"line":261,"column":null}}]},"18":{"loc":{"start":{"line":267,"column":14},"end":{"line":267,"column":31}},"type":"binary-expr","locations":[{"start":{"line":267,"column":14},"end":{"line":267,"column":31}},{"start":{"line":267,"column":14},"end":{"line":267,"column":null}}]},"19":{"loc":{"start":{"line":273,"column":14},"end":{"line":273,"column":26}},"type":"binary-expr","locations":[{"start":{"line":273,"column":14},"end":{"line":273,"column":26}},{"start":{"line":273,"column":14},"end":{"line":273,"column":null}}]},"20":{"loc":{"start":{"line":283,"column":14},"end":{"line":283,"column":34}},"type":"binary-expr","locations":[{"start":{"line":283,"column":14},"end":{"line":283,"column":34}},{"start":{"line":283,"column":14},"end":{"line":283,"column":null}}]},"21":{"loc":{"start":{"line":289,"column":14},"end":{"line":289,"column":25}},"type":"binary-expr","locations":[{"start":{"line":289,"column":14},"end":{"line":289,"column":25}},{"start":{"line":289,"column":14},"end":{"line":289,"column":null}}]},"22":{"loc":{"start":{"line":299,"column":14},"end":{"line":299,"column":23}},"type":"binary-expr","locations":[{"start":{"line":299,"column":14},"end":{"line":299,"column":23}},{"start":{"line":299,"column":14},"end":{"line":299,"column":null}}]},"23":{"loc":{"start":{"line":11,"column":17},"end":{"line":11,"column":24}},"type":"binary-expr","locations":[{"start":{"line":11,"column":17},"end":{"line":11,"column":24}},{"start":{"line":11,"column":17},"end":{"line":11,"column":null}}]}},"s":{"0":6,"1":6,"2":6,"3":6,"4":6,"5":6,"6":6,"7":6,"8":6,"9":9,"10":9,"11":9,"12":9,"13":9,"14":9,"15":9,"16":9,"17":9,"18":9,"19":9,"20":9,"21":9,"22":9,"23":9,"24":9,"25":9,"26":9,"27":9,"28":9,"29":9,"30":9,"31":9,"32":9,"33":9,"34":9,"35":9,"36":9,"37":9,"38":9,"39":9,"40":9,"41":9,"42":9,"43":9,"44":9,"45":9,"46":9,"47":9,"48":9,"49":9,"50":9,"51":9,"52":9,"53":9,"54":9,"55":9,"56":9,"57":9,"58":9,"59":9,"60":9,"61":9,"62":9,"63":9,"64":9,"65":9,"66":9,"67":9,"68":9,"69":9,"70":9,"71":9,"72":9,"73":9,"74":9,"75":9,"76":9,"77":9,"78":9,"79":9,"80":9,"81":9,"82":9,"83":9,"84":9,"85":9,"86":9,"87":9,"88":9,"89":9,"90":9,"91":9,"92":9,"93":9,"94":9,"95":1,"96":8,"97":1,"98":7,"99":7,"100":7,"101":66,"102":66,"103":14,"104":52,"105":66,"106":66,"107":66,"108":66,"109":47,"110":47,"111":66,"112":66,"113":66,"114":0,"115":66,"116":0,"117":66,"118":66,"119":1,"120":66,"121":132,"122":315,"123":66,"124":66,"125":66,"126":66,"127":10,"128":0,"129":10,"130":10,"131":0,"132":10,"133":10,"134":10,"135":10,"136":10,"137":6,"138":6,"139":6,"140":6,"141":6,"142":6,"143":6,"144":6,"145":6,"146":6,"147":6,"148":6,"149":6,"150":6,"151":6,"152":6,"153":6,"154":6,"155":6,"156":6,"157":6,"158":6,"159":6,"160":6,"161":6,"162":6,"163":6,"164":6,"165":6,"166":6,"167":6,"168":6,"169":6,"170":6,"171":6,"172":6,"173":6,"174":6,"175":6,"176":6,"177":6,"178":6,"179":6,"180":6,"181":6,"182":6,"183":6,"184":6,"185":6,"186":6,"187":6,"188":6,"189":6,"190":6,"191":6,"192":6,"193":6,"194":6,"195":6,"196":6,"197":6,"198":6,"199":6,"200":6,"201":6,"202":6,"203":6,"204":6},"f":{"0":6,"1":9,"2":66,"3":66,"4":66,"5":66,"6":132,"7":315,"8":66,"9":10,"10":0,"11":10,"12":10,"13":6,"14":6,"15":6,"16":6,"17":6,"18":6,"19":6,"20":6,"21":6,"22":6},"b":{"0":[0],"1":[1,8],"2":[1,7],"3":[52],"4":[33,33],"5":[14,52],"6":[47,19],"7":[0,66],"8":[0,66],"9":[1,65],"10":[66,2],"11":[66,0],"12":[0,10],"13":[6,6],"14":[6,6],"15":[6,6],"16":[6,6],"17":[6,6],"18":[6,6],"19":[6,6],"20":[6,6],"21":[6,6],"22":[6,6],"23":[6,6]}}
,"P:\\Node\\node-binance\\src\\lib\\Margin.ts": {"path":"P:\\Node\\node-binance\\src\\lib\\Margin.ts","statementMap":{"0":{"start":{"line":1,"column":0},"end":{"line":1,"column":37}},"1":{"start":{"line":8,"column":4},"end":{"line":13,"column":6}},"2":{"start":{"line":20,"column":4},"end":{"line":25,"column":6}},"3":{"start":{"line":32,"column":4},"end":{"line":37,"column":6}},"4":{"start":{"line":41,"column":4},"end":{"line":46,"column":6}},"5":{"start":{"line":50,"column":4},"end":{"line":55,"column":6}},"6":{"start":{"line":59,"column":4},"end":{"line":64,"column":6}},"7":{"start":{"line":68,"column":4},"end":{"line":73,"column":6}},"8":{"start":{"line":77,"column":4},"end":{"line":82,"column":6}},"9":{"start":{"line":89,"column":4},"end":{"line":94,"column":6}},"10":{"start":{"line":101,"column":4},"end":{"line":106,"column":6}},"11":{"start":{"line":110,"column":4},"end":{"line":115,"column":6}},"12":{"start":{"line":119,"column":4},"end":{"line":124,"column":6}},"13":{"start":{"line":128,"column":4},"end":{"line":133,"column":6}},"14":{"start":{"line":137,"column":4},"end":{"line":142,"column":6}},"15":{"start":{"line":146,"column":4},"end":{"line":151,"column":6}},"16":{"start":{"line":155,"column":4},"end":{"line":160,"column":6}},"17":{"start":{"line":167,"column":4},"end":{"line":172,"column":6}},"18":{"start":{"line":176,"column":4},"end":{"line":181,"column":6}},"19":{"start":{"line":185,"column":4},"end":{"line":190,"column":6}},"20":{"start":{"line":194,"column":4},"end":{"line":199,"column":6}},"21":{"start":{"line":203,"column":4},"end":{"line":208,"column":6}},"22":{"start":{"line":212,"column":4},"end":{"line":217,"column":6}},"23":{"start":{"line":224,"column":4},"end":{"line":229,"column":6}},"24":{"start":{"line":236,"column":4},"end":{"line":241,"column":6}},"25":{"start":{"line":245,"column":4},"end":{"line":250,"column":6}},"26":{"start":{"line":254,"column":4},"end":{"line":259,"column":6}},"27":{"start":{"line":263,"column":4},"end":{"line":268,"column":6}},"28":{"start":{"line":272,"column":4},"end":{"line":277,"column":6}},"29":{"start":{"line":3,"column":0},"end":{"line":3,"column":13}}},"fnMap":{"0":{"name":"(anonymous_0)","decl":{"start":{"line":7,"column":2},"end":{"line":7,"column":34}},"loc":{"start":{"line":7,"column":105},"end":{"line":14,"column":3}}},"1":{"name":"(anonymous_1)","decl":{"start":{"line":19,"column":2},"end":{"line":19,"column":21}},"loc":{"start":{"line":19,"column":79},"end":{"line":26,"column":3}}},"2":{"name":"(anonymous_2)","decl":{"start":{"line":31,"column":2},"end":{"line":31,"column":20}},"loc":{"start":{"line":31,"column":77},"end":{"line":38,"column":3}}},"3":{"name":"(anonymous_3)","decl":{"start":{"line":40,"column":2},"end":{"line":40,"column":24}},"loc":{"start":{"line":40,"column":85},"end":{"line":47,"column":3}}},"4":{"name":"(anonymous_4)","decl":{"start":{"line":49,"column":2},"end":{"line":49,"column":28}},"loc":{"start":{"line":49,"column":93},"end":{"line":56,"column":3}}},"5":{"name":"(anonymous_5)","decl":{"start":{"line":58,"column":2},"end":{"line":58,"column":31}},"loc":{"start":{"line":58,"column":86},"end":{"line":65,"column":3}}},"6":{"name":"(anonymous_6)","decl":{"start":{"line":67,"column":2},"end":{"line":67,"column":30}},"loc":{"start":{"line":67,"column":85},"end":{"line":74,"column":3}}},"7":{"name":"(anonymous_7)","decl":{"start":{"line":76,"column":2},"end":{"line":76,"column":29}},"loc":{"start":{"line":76,"column":95},"end":{"line":83,"column":3}}},"8":{"name":"(anonymous_8)","decl":{"start":{"line":88,"column":2},"end":{"line":88,"column":22}},"loc":{"start":{"line":88,"column":82},"end":{"line":95,"column":3}}},"9":{"name":"(anonymous_9)","decl":{"start":{"line":100,"column":2},"end":{"line":100,"column":25}},"loc":{"start":{"line":100,"column":88},"end":{"line":107,"column":3}}},"10":{"name":"(anonymous_10)","decl":{"start":{"line":109,"column":2},"end":{"line":109,"column":37}},"loc":{"start":{"line":109,"column":116},"end":{"line":116,"column":3}}},"11":{"name":"(anonymous_11)","decl":{"start":{"line":118,"column":2},"end":{"line":118,"column":23}},"loc":{"start":{"line":118,"column":83},"end":{"line":125,"column":3}}},"12":{"name":"(anonymous_12)","decl":{"start":{"line":127,"column":2},"end":{"line":127,"column":24}},"loc":{"start":{"line":127,"column":85},"end":{"line":134,"column":3}}},"13":{"name":"(anonymous_13)","decl":{"start":{"line":136,"column":2},"end":{"line":136,"column":26}},"loc":{"start":{"line":136,"column":89},"end":{"line":143,"column":3}}},"14":{"name":"(anonymous_14)","decl":{"start":{"line":145,"column":2},"end":{"line":145,"column":34}},"loc":{"start":{"line":145,"column":110},"end":{"line":152,"column":3}}},"15":{"name":"(anonymous_15)","decl":{"start":{"line":154,"column":2},"end":{"line":154,"column":38}},"loc":{"start":{"line":154,"column":118},"end":{"line":161,"column":3}}},"16":{"name":"(anonymous_16)","decl":{"start":{"line":166,"column":2},"end":{"line":166,"column":31}},"loc":{"start":{"line":166,"column":99},"end":{"line":173,"column":3}}},"17":{"name":"(anonymous_17)","decl":{"start":{"line":175,"column":2},"end":{"line":175,"column":35}},"loc":{"start":{"line":175,"column":107},"end":{"line":182,"column":3}}},"18":{"name":"(anonymous_18)","decl":{"start":{"line":184,"column":2},"end":{"line":184,"column":34}},"loc":{"start":{"line":184,"column":105},"end":{"line":191,"column":3}}},"19":{"name":"(anonymous_19)","decl":{"start":{"line":193,"column":2},"end":{"line":193,"column":35}},"loc":{"start":{"line":193,"column":107},"end":{"line":200,"column":3}}},"20":{"name":"(anonymous_20)","decl":{"start":{"line":202,"column":2},"end":{"line":202,"column":22}},"loc":{"start":{"line":202,"column":81},"end":{"line":209,"column":3}}},"21":{"name":"(anonymous_21)","decl":{"start":{"line":211,"column":2},"end":{"line":211,"column":33}},"loc":{"start":{"line":211,"column":103},"end":{"line":218,"column":3}}},"22":{"name":"(anonymous_22)","decl":{"start":{"line":223,"column":2},"end":{"line":223,"column":35}},"loc":{"start":{"line":223,"column":107},"end":{"line":230,"column":3}}},"23":{"name":"(anonymous_23)","decl":{"start":{"line":235,"column":2},"end":{"line":235,"column":37}},"loc":{"start":{"line":235,"column":111},"end":{"line":242,"column":3}}},"24":{"name":"(anonymous_24)","decl":{"start":{"line":244,"column":2},"end":{"line":244,"column":40}},"loc":{"start":{"line":244,"column":117},"end":{"line":251,"column":3}}},"25":{"name":"(anonymous_25)","decl":{"start":{"line":253,"column":2},"end":{"line":253,"column":38}},"loc":{"start":{"line":253,"column":118},"end":{"line":260,"column":3}}},"26":{"name":"(anonymous_26)","decl":{"start":{"line":262,"column":2},"end":{"line":262,"column":33}},"loc":{"start":{"line":262,"column":103},"end":{"line":269,"column":3}}},"27":{"name":"(anonymous_27)","decl":{"start":{"line":271,"column":2},"end":{"line":271,"column":34}},"loc":{"start":{"line":271,"column":89},"end":{"line":278,"column":3}}}},"branchMap":{"0":{"loc":{"start":{"line":58,"column":84},"end":{"line":58,"column":86}},"type":"default-arg","locations":[{"start":{"line":58,"column":84},"end":{"line":58,"column":86}}]},"1":{"loc":{"start":{"line":67,"column":83},"end":{"line":67,"column":85}},"type":"default-arg","locations":[{"start":{"line":67,"column":83},"end":{"line":67,"column":85}}]},"2":{"loc":{"start":{"line":109,"column":114},"end":{"line":109,"column":116}},"type":"default-arg","locations":[{"start":{"line":109,"column":114},"end":{"line":109,"column":116}}]},"3":{"loc":{"start":{"line":145,"column":108},"end":{"line":145,"column":110}},"type":"default-arg","locations":[{"start":{"line":145,"column":108},"end":{"line":145,"column":110}}]},"4":{"loc":{"start":{"line":154,"column":116},"end":{"line":154,"column":118}},"type":"default-arg","locations":[{"start":{"line":154,"column":116},"end":{"line":154,"column":118}}]},"5":{"loc":{"start":{"line":253,"column":116},"end":{"line":253,"column":118}},"type":"default-arg","locations":[{"start":{"line":253,"column":116},"end":{"line":253,"column":118}}]},"6":{"loc":{"start":{"line":271,"column":87},"end":{"line":271,"column":89}},"type":"default-arg","locations":[{"start":{"line":271,"column":87},"end":{"line":271,"column":89}}]}},"s":{"0":6,"1":0,"2":0,"3":0,"4":1,"5":1,"6":1,"7":1,"8":1,"9":0,"10":0,"11":1,"12":1,"13":1,"14":1,"15":1,"16":1,"17":0,"18":1,"19":1,"20":1,"21":1,"22":1,"23":0,"24":0,"25":1,"26":1,"27":1,"28":1,"29":6},"f":{"0":0,"1":0,"2":0,"3":1,"4":1,"5":1,"6":1,"7":1,"8":0,"9":0,"10":1,"11":1,"12":1,"13":1,"14":1,"15":1,"16":0,"17":1,"18":1,"19":1,"20":1,"21":1,"22":0,"23":0,"24":1,"25":1,"26":1,"27":1},"b":{"0":[1],"1":[1],"2":[1],"3":[1],"4":[1],"5":[1],"6":[1]}}
,"P:\\Node\\node-binance\\src\\lib\\Market.ts": {"path":"P:\\Node\\node-binance\\src\\lib\\Market.ts","statementMap":{"0":{"start":{"line":1,"column":0},"end":{"line":1,"column":37}},"1":{"start":{"line":5,"column":4},"end":{"line":11,"column":6}},"2":{"start":{"line":15,"column":4},"end":{"line":21,"column":6}},"3":{"start":{"line":25,"column":4},"end":{"line":31,"column":6}},"4":{"start":{"line":35,"column":4},"end":{"line":41,"column":6}},"5":{"start":{"line":45,"column":4},"end":{"line":51,"column":6}},"6":{"start":{"line":55,"column":4},"end":{"line":61,"column":6}},"7":{"start":{"line":65,"column":4},"end":{"line":71,"column":6}},"8":{"start":{"line":75,"column":4},"end":{"line":81,"column":6}},"9":{"start":{"line":85,"column":4},"end":{"line":91,"column":6}},"10":{"start":{"line":95,"column":4},"end":{"line":101,"column":6}},"11":{"start":{"line":105,"column":4},"end":{"line":111,"column":6}},"12":{"start":{"line":115,"column":4},"end":{"line":121,"column":6}},"13":{"start":{"line":3,"column":0},"end":{"line":3,"column":13}}},"fnMap":{"0":{"name":"(anonymous_0)","decl":{"start":{"line":4,"column":2},"end":{"line":4,"column":24}},"loc":{"start":{"line":4,"column":24},"end":{"line":12,"column":3}}},"1":{"name":"(anonymous_1)","decl":{"start":{"line":14,"column":2},"end":{"line":14,"column":23}},"loc":{"start":{"line":14,"column":23},"end":{"line":22,"column":3}}},"2":{"name":"(anonymous_2)","decl":{"start":{"line":24,"column":2},"end":{"line":24,"column":27}},"loc":{"start":{"line":24,"column":27},"end":{"line":32,"column":3}}},"3":{"name":"(anonymous_3)","decl":{"start":{"line":34,"column":2},"end":{"line":34,"column":17}},"loc":{"start":{"line":34,"column":71},"end":{"line":42,"column":3}}},"4":{"name":"(anonymous_4)","decl":{"start":{"line":44,"column":2},"end":{"line":44,"column":24}},"loc":{"start":{"line":44,"column":85},"end":{"line":52,"column":3}}},"5":{"name":"(anonymous_5)","decl":{"start":{"line":54,"column":2},"end":{"line":54,"column":22}},"loc":{"start":{"line":54,"column":81},"end":{"line":62,"column":3}}},"6":{"name":"(anonymous_6)","decl":{"start":{"line":64,"column":2},"end":{"line":64,"column":27}},"loc":{"start":{"line":64,"column":91},"end":{"line":72,"column":3}}},"7":{"name":"(anonymous_7)","decl":{"start":{"line":74,"column":2},"end":{"line":74,"column":17}},"loc":{"start":{"line":74,"column":71},"end":{"line":82,"column":3}}},"8":{"name":"(anonymous_8)","decl":{"start":{"line":84,"column":2},"end":{"line":84,"column":27}},"loc":{"start":{"line":84,"column":91},"end":{"line":92,"column":3}}},"9":{"name":"(anonymous_9)","decl":{"start":{"line":94,"column":2},"end":{"line":94,"column":29}},"loc":{"start":{"line":94,"column":99},"end":{"line":102,"column":3}}},"10":{"name":"(anonymous_10)","decl":{"start":{"line":104,"column":2},"end":{"line":104,"column":25}},"loc":{"start":{"line":104,"column":92},"end":{"line":112,"column":3}}},"11":{"name":"(anonymous_11)","decl":{"start":{"line":114,"column":2},"end":{"line":114,"column":29}},"loc":{"start":{"line":114,"column":100},"end":{"line":122,"column":3}}}},"branchMap":{"0":{"loc":{"start":{"line":94,"column":97},"end":{"line":94,"column":99}},"type":"default-arg","locations":[{"start":{"line":94,"column":97},"end":{"line":94,"column":99}}]},"1":{"loc":{"start":{"line":104,"column":90},"end":{"line":104,"column":92}},"type":"default-arg","locations":[{"start":{"line":104,"column":90},"end":{"line":104,"column":92}}]},"2":{"loc":{"start":{"line":114,"column":98},"end":{"line":114,"column":100}},"type":"default-arg","locations":[{"start":{"line":114,"column":98},"end":{"line":114,"column":100}}]}},"s":{"0":6,"1":1,"2":1,"3":1,"4":1,"5":1,"6":1,"7":1,"8":1,"9":3,"10":1,"11":1,"12":1,"13":6},"f":{"0":1,"1":1,"2":1,"3":1,"4":1,"5":1,"6":1,"7":1,"8":3,"9":1,"10":1,"11":1},"b":{"0":[0],"1":[0],"2":[0]}}
,"P:\\Node\\node-binance\\src\\lib\\Spot.ts": {"path":"P:\\Node\\node-binance\\src\\lib\\Spot.ts","statementMap":{"0":{"start":{"line":1,"column":0},"end":{"line":1,"column":37}},"1":{"start":{"line":5,"column":4},"end":{"line":10,"column":6}},"2":{"start":{"line":14,"column":4},"end":{"line":19,"column":6}},"3":{"start":{"line":23,"column":4},"end":{"line":28,"column":6}},"4":{"start":{"line":32,"column":4},"end":{"line":37,"column":6}},"5":{"start":{"line":41,"column":4},"end":{"line":46,"column":6}},"6":{"start":{"line":50,"column":4},"end":{"line":55,"column":6}},"7":{"start":{"line":59,"column":4},"end":{"line":64,"column":6}},"8":{"start":{"line":68,"column":4},"end":{"line":73,"column":6}},"9":{"start":{"line":77,"column":4},"end":{"line":82,"column":6}},"10":{"start":{"line":86,"column":4},"end":{"line":91,"column":6}},"11":{"start":{"line":95,"column":4},"end":{"line":100,"column":6}},"12":{"start":{"line":104,"column":4},"end":{"line":109,"column":6}},"13":{"start":{"line":113,"column":4},"end":{"line":118,"column":6}},"14":{"start":{"line":122,"column":4},"end":{"line":127,"column":6}},"15":{"start":{"line":3,"column":0},"end":{"line":3,"column":13}}},"fnMap":{"0":{"name":"(anonymous_0)","decl":{"start":{"line":4,"column":2},"end":{"line":4,"column":18}},"loc":{"start":{"line":4,"column":69},"end":{"line":11,"column":3}}},"1":{"name":"(anonymous_1)","decl":{"start":{"line":13,"column":2},"end":{"line":13,"column":14}},"loc":{"start":{"line":13,"column":65},"end":{"line":20,"column":3}}},"2":{"name":"(anonymous_2)","decl":{"start":{"line":22,"column":2},"end":{"line":22,"column":17}},"loc":{"start":{"line":22,"column":71},"end":{"line":29,"column":3}}},"3":{"name":"(anonymous_3)","decl":{"start":{"line":31,"column":2},"end":{"line":31,"column":29}},"loc":{"start":{"line":31,"column":95},"end":{"line":38,"column":3}}},"4":{"name":"(anonymous_4)","decl":{"start":{"line":40,"column":2},"end":{"line":40,"column":16}},"loc":{"start":{"line":40,"column":69},"end":{"line":47,"column":3}}},"5":{"name":"(anonymous_5)","decl":{"start":{"line":49,"column":2},"end":{"line":49,"column":23}},"loc":{"start":{"line":49,"column":83},"end":{"line":56,"column":3}}},"6":{"name":"(anonymous_6)","decl":{"start":{"line":58,"column":2},"end":{"line":58,"column":15}},"loc":{"start":{"line":58,"column":67},"end":{"line":65,"column":3}}},"7":{"name":"(anonymous_7)","decl":{"start":{"line":67,"column":2},"end":{"line":67,"column":12}},"loc":{"start":{"line":67,"column":61},"end":{"line":74,"column":3}}},"8":{"name":"(anonymous_8)","decl":{"start":{"line":76,"column":2},"end":{"line":76,"column":15}},"loc":{"start":{"line":76,"column":67},"end":{"line":83,"column":3}}},"9":{"name":"(anonymous_9)","decl":{"start":{"line":85,"column":2},"end":{"line":85,"column":14}},"loc":{"start":{"line":85,"column":65},"end":{"line":92,"column":3}}},"10":{"name":"(anonymous_10)","decl":{"start":{"line":94,"column":2},"end":{"line":94,"column":17}},"loc":{"start":{"line":94,"column":76},"end":{"line":101,"column":3}}},"11":{"name":"(anonymous_11)","decl":{"start":{"line":103,"column":2},"end":{"line":103,"column":18}},"loc":{"start":{"line":103,"column":77},"end":{"line":110,"column":3}}},"12":{"name":"(anonymous_12)","decl":{"start":{"line":112,"column":2},"end":{"line":112,"column":24}},"loc":{"start":{"line":112,"column":83},"end":{"line":119,"column":3}}},"13":{"name":"(anonymous_13)","decl":{"start":{"line":121,"column":2},"end":{"line":121,"column":22}},"loc":{"start":{"line":121,"column":81},"end":{"line":128,"column":3}}}},"branchMap":{"0":{"loc":{"start":{"line":94,"column":74},"end":{"line":94,"column":76}},"type":"default-arg","locations":[{"start":{"line":94,"column":74},"end":{"line":94,"column":76}}]},"1":{"loc":{"start":{"line":103,"column":75},"end":{"line":103,"column":77}},"type":"default-arg","locations":[{"start":{"line":103,"column":75},"end":{"line":103,"column":77}}]},"2":{"loc":{"start":{"line":112,"column":81},"end":{"line":112,"column":83}},"type":"default-arg","locations":[{"start":{"line":112,"column":81},"end":{"line":112,"column":83}}]}},"s":{"0":6,"1":1,"2":4,"3":1,"4":1,"5":1,"6":1,"7":1,"8":2,"9":2,"10":1,"11":1,"12":1,"13":1,"14":1,"15":6},"f":{"0":1,"1":4,"2":1,"3":1,"4":1,"5":1,"6":1,"7":2,"8":2,"9":1,"10":1,"11":1,"12":1,"13":1},"b":{"0":[1],"1":[1],"2":[1]}}
,"P:\\Node\\node-binance\\src\\lib\\Stream.ts": {"path":"P:\\Node\\node-binance\\src\\lib\\Stream.ts","statementMap":{"0":{"start":{"line":5,"column":4},"end":{"line":5,"column":76}},"1":{"start":{"line":9,"column":4},"end":{"line":9,"column":73}},"2":{"start":{"line":13,"column":4},"end":{"line":13,"column":92}},"3":{"start":{"line":17,"column":4},"end":{"line":17,"column":78}},"4":{"start":{"line":21,"column":4},"end":{"line":21,"column":52}},"5":{"start":{"line":25,"column":4},"end":{"line":25,"column":74}},"6":{"start":{"line":29,"column":4},"end":{"line":29,"column":48}},"7":{"start":{"line":33,"column":4},"end":{"line":33,"column":78}},"8":{"start":{"line":37,"column":4},"end":{"line":37,"column":48}},"9":{"start":{"line":41,"column":4},"end":{"line":41,"column":144}},"10":{"start":{"line":3,"column":0},"end":{"line":3,"column":13}}},"fnMap":{"0":{"name":"(anonymous_0)","decl":{"start":{"line":4,"column":2},"end":{"line":4,"column":22}},"loc":{"start":{"line":4,"column":81},"end":{"line":6,"column":3}}},"1":{"name":"(anonymous_1)","decl":{"start":{"line":8,"column":2},"end":{"line":8,"column":13}},"loc":{"start":{"line":8,"column":63},"end":{"line":10,"column":3}}},"2":{"name":"(anonymous_2)","decl":{"start":{"line":12,"column":2},"end":{"line":12,"column":19}},"loc":{"start":{"line":12,"column":75},"end":{"line":14,"column":3}}},"3":{"name":"(anonymous_3)","decl":{"start":{"line":16,"column":2},"end":{"line":16,"column":34}},"loc":{"start":{"line":16,"column":85},"end":{"line":18,"column":3}}},"4":{"name":"(anonymous_4)","decl":{"start":{"line":20,"column":2},"end":{"line":20,"column":28}},"loc":{"start":{"line":20,"column":28},"end":{"line":22,"column":3}}},"5":{"name":"(anonymous_5)","decl":{"start":{"line":24,"column":2},"end":{"line":24,"column":30}},"loc":{"start":{"line":24,"column":77},"end":{"line":26,"column":3}}},"6":{"name":"(anonymous_6)","decl":{"start":{"line":28,"column":2},"end":{"line":28,"column":24}},"loc":{"start":{"line":28,"column":24},"end":{"line":30,"column":3}}},"7":{"name":"(anonymous_7)","decl":{"start":{"line":32,"column":2},"end":{"line":32,"column":34}},"loc":{"start":{"line":32,"column":85},"end":{"line":34,"column":3}}},"8":{"name":"(anonymous_8)","decl":{"start":{"line":36,"column":2},"end":{"line":36,"column":22}},"loc":{"start":{"line":36,"column":22},"end":{"line":38,"column":3}}},"9":{"name":"(anonymous_9)","decl":{"start":{"line":40,"column":2},"end":{"line":40,"column":24}},"loc":{"start":{"line":40,"column":75},"end":{"line":42,"column":3}}}},"branchMap":{"0":{"loc":{"start":{"line":41,"column":109},"end":{"line":41,"column":135}},"type":"cond-expr","locations":[{"start":{"line":41,"column":109},"end":{"line":41,"column":135}},{"start":{"line":41,"column":138},"end":{"line":41,"column":140}}]}},"s":{"0":1,"1":1,"2":1,"3":1,"4":1,"5":1,"6":1,"7":1,"8":1,"9":1,"10":6},"f":{"0":1,"1":1,"2":1,"3":1,"4":1,"5":1,"6":1,"7":1,"8":1,"9":1},"b":{"0":[0,1]}}
,"P:\\Node\\node-binance\\src\\lib\\SubAccount.ts": {"path":"P:\\Node\\node-binance\\src\\lib\\SubAccount.ts","statementMap":{"0":{"start":{"line":1,"column":0},"end":{"line":1,"column":37}},"1":{"start":{"line":5,"column":4},"end":{"line":10,"column":6}},"2":{"start":{"line":14,"column":4},"end":{"line":19,"column":6}},"3":{"start":{"line":23,"column":4},"end":{"line":28,"column":6}},"4":{"start":{"line":3,"column":0},"end":{"line":3,"column":13}}},"fnMap":{"0":{"name":"(anonymous_0)","decl":{"start":{"line":4,"column":2},"end":{"line":4,"column":17}},"loc":{"start":{"line":4,"column":17},"end":{"line":11,"column":3}}},"1":{"name":"(anonymous_1)","decl":{"start":{"line":13,"column":2},"end":{"line":13,"column":28}},"loc":{"start":{"line":13,"column":28},"end":{"line":20,"column":3}}},"2":{"name":"(anonymous_2)","decl":{"start":{"line":22,"column":2},"end":{"line":22,"column":19}},"loc":{"start":{"line":22,"column":19},"end":{"line":29,"column":3}}}},"branchMap":{},"s":{"0":0,"1":0,"2":0,"3":0,"4":0},"f":{"0":0,"1":0,"2":0},"b":{}}
,"P:\\Node\\node-binance\\src\\lib\\Wallet.ts": {"path":"P:\\Node\\node-binance\\src\\lib\\Wallet.ts","statementMap":{"0":{"start":{"line":1,"column":0},"end":{"line":1,"column":37}},"1":{"start":{"line":5,"column":4},"end":{"line":10,"column":6}},"2":{"start":{"line":14,"column":4},"end":{"line":19,"column":6}},"3":{"start":{"line":23,"column":4},"end":{"line":28,"column":6}},"4":{"start":{"line":32,"column":4},"end":{"line":37,"column":6}},"5":{"start":{"line":41,"column":4},"end":{"line":46,"column":6}},"6":{"start":{"line":50,"column":4},"end":{"line":55,"column":6}},"7":{"start":{"line":59,"column":4},"end":{"line":64,"column":6}},"8":{"start":{"line":71,"column":4},"end":{"line":76,"column":6}},"9":{"start":{"line":80,"column":4},"end":{"line":85,"column":6}},"10":{"start":{"line":89,"column":4},"end":{"line":94,"column":6}},"11":{"start":{"line":98,"column":4},"end":{"line":103,"column":6}},"12":{"start":{"line":107,"column":4},"end":{"line":112,"column":6}},"13":{"start":{"line":116,"column":4},"end":{"line":121,"column":6}},"14":{"start":{"line":128,"column":4},"end":{"line":133,"column":6}},"15":{"start":{"line":140,"column":4},"end":{"line":145,"column":6}},"16":{"start":{"line":152,"column":4},"end":{"line":157,"column":6}},"17":{"start":{"line":3,"column":0},"end":{"line":3,"column":13}}},"fnMap":{"0":{"name":"(anonymous_0)","decl":{"start":{"line":4,"column":2},"end":{"line":4,"column":22}},"loc":{"start":{"line":4,"column":86},"end":{"line":11,"column":3}}},"1":{"name":"(anonymous_1)","decl":{"start":{"line":13,"column":2},"end":{"line":13,"column":23}},"loc":{"start":{"line":13,"column":88},"end":{"line":20,"column":3}}},"2":{"name":"(anonymous_2)","decl":{"start":{"line":22,"column":2},"end":{"line":22,"column":22}},"loc":{"start":{"line":22,"column":81},"end":{"line":29,"column":3}}},"3":{"name":"(anonymous_3)","decl":{"start":{"line":31,"column":2},"end":{"line":31,"column":21}},"loc":{"start":{"line":31,"column":80},"end":{"line":38,"column":3}}},"4":{"name":"(anonymous_4)","decl":{"start":{"line":40,"column":2},"end":{"line":40,"column":20}},"loc":{"start":{"line":40,"column":20},"end":{"line":47,"column":3}}},"5":{"name":"(anonymous_5)","decl":{"start":{"line":49,"column":2},"end":{"line":49,"column":24}},"loc":{"start":{"line":49,"column":83},"end":{"line":56,"column":3}}},"6":{"name":"(anonymous_6)","decl":{"start":{"line":58,"column":2},"end":{"line":58,"column":15}},"loc":{"start":{"line":58,"column":74},"end":{"line":65,"column":3}}},"7":{"name":"(anonymous_7)","decl":{"start":{"line":70,"column":2},"end":{"line":70,"column":20}},"loc":{"start":{"line":70,"column":77},"end":{"line":77,"column":3}}},"8":{"name":"(anonymous_8)","decl":{"start":{"line":79,"column":2},"end":{"line":79,"column":16}},"loc":{"start":{"line":79,"column":74},"end":{"line":86,"column":3}}},"9":{"name":"(anonymous_9)","decl":{"start":{"line":88,"column":2},"end":{"line":88,"column":19}},"loc":{"start":{"line":88,"column":78},"end":{"line":95,"column":3}}},"10":{"name":"(anonymous_10)","decl":{"start":{"line":97,"column":2},"end":{"line":97,"column":16}},"loc":{"start":{"line":97,"column":75},"end":{"line":104,"column":3}}},"11":{"name":"(anonymous_11)","decl":{"start":{"line":106,"column":2},"end":{"line":106,"column":28}},"loc":{"start":{"line":106,"column":93},"end":{"line":113,"column":3}}},"12":{"name":"(anonymous_12)","decl":{"start":{"line":115,"column":2},"end":{"line":115,"column":21}},"loc":{"start":{"line":115,"column":84},"end":{"line":122,"column":3}}},"13":{"name":"(anonymous_13)","decl":{"start":{"line":127,"column":2},"end":{"line":127,"column":16}},"loc":{"start":{"line":127,"column":69},"end":{"line":134,"column":3}}},"14":{"name":"(anonymous_14)","decl":{"start":{"line":139,"column":2},"end":{"line":139,"column":33}},"loc":{"start":{"line":139,"column":87},"end":{"line":146,"column":3}}},"15":{"name":"(anonymous_15)","decl":{"start":{"line":151,"column":2},"end":{"line":151,"column":32}},"loc":{"start":{"line":151,"column":86},"end":{"line":158,"column":3}}}},"branchMap":{"0":{"loc":{"start":{"line":4,"column":84},"end":{"line":4,"column":86}},"type":"default-arg","locations":[{"start":{"line":4,"column":84},"end":{"line":4,"column":86}}]},"1":{"loc":{"start":{"line":13,"column":86},"end":{"line":13,"column":88}},"type":"default-arg","locations":[{"start":{"line":13,"column":86},"end":{"line":13,"column":88}}]},"2":{"loc":{"start":{"line":31,"column":78},"end":{"line":31,"column":80}},"type":"default-arg","locations":[{"start":{"line":31,"column":78},"end":{"line":31,"column":80}}]},"3":{"loc":{"start":{"line":49,"column":81},"end":{"line":49,"column":83}},"type":"default-arg","locations":[{"start":{"line":49,"column":81},"end":{"line":49,"column":83}}]},"4":{"loc":{"start":{"line":58,"column":72},"end":{"line":58,"column":74}},"type":"default-arg","locations":[{"start":{"line":58,"column":72},"end":{"line":58,"column":74}}]},"5":{"loc":{"start":{"line":79,"column":72},"end":{"line":79,"column":74}},"type":"default-arg","locations":[{"start":{"line":79,"column":72},"end":{"line":79,"column":74}}]},"6":{"loc":{"start":{"line":88,"column":76},"end":{"line":88,"column":78}},"type":"default-arg","locations":[{"start":{"line":88,"column":76},"end":{"line":88,"column":78}}]},"7":{"loc":{"start":{"line":97,"column":73},"end":{"line":97,"column":75}},"type":"default-arg","locations":[{"start":{"line":97,"column":73},"end":{"line":97,"column":75}}]},"8":{"loc":{"start":{"line":115,"column":82},"end":{"line":115,"column":84}},"type":"default-arg","locations":[{"start":{"line":115,"column":82},"end":{"line":115,"column":84}}]}},"s":{"0":6,"1":1,"2":1,"3":1,"4":1,"5":1,"6":1,"7":1,"8":0,"9":2,"10":1,"11":1,"12":1,"13":1,"14":0,"15":0,"16":0,"17":6},"f":{"0":1,"1":1,"2":1,"3":1,"4":1,"5":1,"6":1,"7":0,"8":2,"9":1,"10":1,"11":1,"12":1,"13":0,"14":0,"15":0},"b":{"0":[1],"1":[1],"2":[1],"3":[1],"4":[1],"5":[2],"6":[1],"7":[1],"8":[1]}}
}
