{"P:\\Node\\node-binance\\src\\Binance.ts": {"path":"P:\\Node\\node-binance\\src\\Binance.ts","statementMap":{"0":{"start":{"line":1,"column":0},"end":{"line":1,"column":37}},"1":{"start":{"line":2,"column":0},"end":{"line":2,"column":53}},"2":{"start":{"line":4,"column":0},"end":{"line":4,"column":38}},"3":{"start":{"line":5,"column":0},"end":{"line":5,"column":38}},"4":{"start":{"line":6,"column":0},"end":{"line":6,"column":34}},"5":{"start":{"line":9,"column":0},"end":{"line":9,"column":null}},"6":{"start":{"line":15,"column":12},"end":{"line":15,"column":55}},"7":{"start":{"line":16,"column":12},"end":{"line":16,"column":62}},"8":{"start":{"line":18,"column":12},"end":{"line":18,"column":131}},"9":{"start":{"line":103,"column":4},"end":{"line":103,"column":65}},"10":{"start":{"line":104,"column":4},"end":{"line":104,"column":67}},"11":{"start":{"line":105,"column":4},"end":{"line":105,"column":65}},"12":{"start":{"line":106,"column":4},"end":{"line":106,"column":63}},"13":{"start":{"line":107,"column":4},"end":{"line":107,"column":61}},"14":{"start":{"line":108,"column":4},"end":{"line":108,"column":69}},"15":{"start":{"line":109,"column":4},"end":{"line":109,"column":51}},"16":{"start":{"line":110,"column":4},"end":{"line":110,"column":61}},"17":{"start":{"line":111,"column":4},"end":{"line":111,"column":53}},"18":{"start":{"line":112,"column":4},"end":{"line":112,"column":59}},"19":{"start":{"line":113,"column":4},"end":{"line":113,"column":53}},"20":{"start":{"line":114,"column":4},"end":{"line":114,"column":77}},"21":{"start":{"line":115,"column":4},"end":{"line":115,"column":63}},"22":{"start":{"line":116,"column":4},"end":{"line":116,"column":53}},"23":{"start":{"line":117,"column":4},"end":{"line":117,"column":87}},"24":{"start":{"line":118,"column":4},"end":{"line":118,"column":85}},"25":{"start":{"line":121,"column":4},"end":{"line":121,"column":69}},"26":{"start":{"line":122,"column":4},"end":{"line":122,"column":67}},"27":{"start":{"line":123,"column":4},"end":{"line":123,"column":75}},"28":{"start":{"line":124,"column":4},"end":{"line":124,"column":55}},"29":{"start":{"line":125,"column":4},"end":{"line":125,"column":69}},"30":{"start":{"line":126,"column":4},"end":{"line":126,"column":65}},"31":{"start":{"line":127,"column":4},"end":{"line":127,"column":75}},"32":{"start":{"line":128,"column":4},"end":{"line":128,"column":55}},"33":{"start":{"line":129,"column":4},"end":{"line":129,"column":75}},"34":{"start":{"line":130,"column":4},"end":{"line":130,"column":79}},"35":{"start":{"line":131,"column":4},"end":{"line":131,"column":71}},"36":{"start":{"line":132,"column":4},"end":{"line":132,"column":79}},"37":{"start":{"line":135,"column":4},"end":{"line":135,"column":55}},"38":{"start":{"line":136,"column":4},"end":{"line":136,"column":47}},"39":{"start":{"line":137,"column":4},"end":{"line":137,"column":53}},"40":{"start":{"line":138,"column":4},"end":{"line":138,"column":77}},"41":{"start":{"line":139,"column":4},"end":{"line":139,"column":51}},"42":{"start":{"line":140,"column":4},"end":{"line":140,"column":65}},"43":{"start":{"line":141,"column":4},"end":{"line":141,"column":49}},"44":{"start":{"line":142,"column":4},"end":{"line":142,"column":43}},"45":{"start":{"line":143,"column":4},"end":{"line":143,"column":49}},"46":{"start":{"line":144,"column":4},"end":{"line":144,"column":47}},"47":{"start":{"line":145,"column":4},"end":{"line":145,"column":53}},"48":{"start":{"line":146,"column":4},"end":{"line":146,"column":55}},"49":{"start":{"line":147,"column":4},"end":{"line":147,"column":67}},"50":{"start":{"line":148,"column":4},"end":{"line":148,"column":63}},"51":{"start":{"line":21,"column":6},"end":{"line":21,"column":66}},"52":{"start":{"line":21,"column":19},"end":{"line":21,"column":66}},"53":{"start":{"line":22,"column":6},"end":{"line":22,"column":72}},"54":{"start":{"line":22,"column":22},"end":{"line":22,"column":72}},"55":{"start":{"line":24,"column":6},"end":{"line":24,"column":27}},"56":{"start":{"line":25,"column":6},"end":{"line":25,"column":33}},"57":{"start":{"line":26,"column":6},"end":{"line":26,"column":31}},"58":{"start":{"line":36,"column":22},"end":{"line":36,"column":79}},"59":{"start":{"line":40,"column":6},"end":{"line":49,"column":null}},"60":{"start":{"line":41,"column":8},"end":{"line":43,"column":10}},"61":{"start":{"line":45,"column":8},"end":{"line":48,"column":10}},"62":{"start":{"line":51,"column":22},"end":{"line":51,"column":26}},"63":{"start":{"line":53,"column":22},"end":{"line":53,"column":59}},"64":{"start":{"line":54,"column":20},"end":{"line":54,"column":55}},"65":{"start":{"line":56,"column":6},"end":{"line":60,"column":null}},"66":{"start":{"line":57,"column":8},"end":{"line":57,"column":65}},"67":{"start":{"line":59,"column":8},"end":{"line":59,"column":60}},"68":{"start":{"line":62,"column":6},"end":{"line":78,"column":9}},"69":{"start":{"line":63,"column":8},"end":{"line":77,"column":13}},"70":{"start":{"line":68,"column":12},"end":{"line":68,"column":74}},"71":{"start":{"line":68,"column":36},"end":{"line":68,"column":74}},"72":{"start":{"line":69,"column":12},"end":{"line":69,"column":72}},"73":{"start":{"line":69,"column":36},"end":{"line":69,"column":72}},"74":{"start":{"line":71,"column":12},"end":{"line":71,"column":30}},"75":{"start":{"line":74,"column":12},"end":{"line":74,"column":54}},"76":{"start":{"line":74,"column":42},"end":{"line":74,"column":54}},"77":{"start":{"line":76,"column":12},"end":{"line":76,"column":30}},"78":{"start":{"line":82,"column":6},"end":{"line":87,"column":8}},"79":{"start":{"line":85,"column":24},"end":{"line":85,"column":47}},"80":{"start":{"line":91,"column":37},"end":{"line":93,"column":8}},"81":{"start":{"line":95,"column":6},"end":{"line":97,"column":null}},"82":{"start":{"line":96,"column":8},"end":{"line":96,"column":46}},"83":{"start":{"line":99,"column":6},"end":{"line":99,"column":21}},"84":{"start":{"line":10,"column":15},"end":{"line":149,"column":null}},"85":{"start":{"line":171,"column":2},"end":{"line":171,"column":null}},"86":{"start":{"line":172,"column":4},"end":{"line":172,"column":null}},"87":{"start":{"line":173,"column":4},"end":{"line":173,"column":null}},"88":{"start":{"line":174,"column":4},"end":{"line":174,"column":null}},"89":{"start":{"line":175,"column":4},"end":{"line":175,"column":null}},"90":{"start":{"line":178,"column":2},"end":{"line":178,"column":null}},"91":{"start":{"line":179,"column":4},"end":{"line":179,"column":null}},"92":{"start":{"line":180,"column":4},"end":{"line":180,"column":null}},"93":{"start":{"line":181,"column":4},"end":{"line":181,"column":null}},"94":{"start":{"line":182,"column":4},"end":{"line":182,"column":null}},"95":{"start":{"line":183,"column":4},"end":{"line":183,"column":null}},"96":{"start":{"line":184,"column":4},"end":{"line":184,"column":null}},"97":{"start":{"line":187,"column":2},"end":{"line":187,"column":null}},"98":{"start":{"line":188,"column":4},"end":{"line":188,"column":null}},"99":{"start":{"line":189,"column":4},"end":{"line":189,"column":null}},"100":{"start":{"line":190,"column":4},"end":{"line":190,"column":null}},"101":{"start":{"line":191,"column":4},"end":{"line":191,"column":null}},"102":{"start":{"line":192,"column":4},"end":{"line":192,"column":null}},"103":{"start":{"line":193,"column":4},"end":{"line":193,"column":null}},"104":{"start":{"line":194,"column":4},"end":{"line":194,"column":null}},"105":{"start":{"line":197,"column":2},"end":{"line":197,"column":null}},"106":{"start":{"line":198,"column":4},"end":{"line":198,"column":null}},"107":{"start":{"line":199,"column":4},"end":{"line":199,"column":null}},"108":{"start":{"line":202,"column":2},"end":{"line":202,"column":null}},"109":{"start":{"line":203,"column":4},"end":{"line":203,"column":null}},"110":{"start":{"line":204,"column":4},"end":{"line":204,"column":null}},"111":{"start":{"line":205,"column":4},"end":{"line":205,"column":null}},"112":{"start":{"line":208,"column":2},"end":{"line":208,"column":null}},"113":{"start":{"line":209,"column":4},"end":{"line":209,"column":null}},"114":{"start":{"line":210,"column":4},"end":{"line":210,"column":null}},"115":{"start":{"line":211,"column":4},"end":{"line":211,"column":null}},"116":{"start":{"line":214,"column":2},"end":{"line":214,"column":null}},"117":{"start":{"line":215,"column":4},"end":{"line":215,"column":null}},"118":{"start":{"line":216,"column":4},"end":{"line":216,"column":null}},"119":{"start":{"line":217,"column":4},"end":{"line":217,"column":null}},"120":{"start":{"line":218,"column":4},"end":{"line":218,"column":null}},"121":{"start":{"line":219,"column":4},"end":{"line":219,"column":null}},"122":{"start":{"line":220,"column":4},"end":{"line":220,"column":null}},"123":{"start":{"line":221,"column":4},"end":{"line":221,"column":null}}},"fnMap":{"0":{"name":"(anonymous_0)","decl":{"start":{"line":9,"column":0},"end":{"line":9,"column":17}},"loc":{"start":{"line":9,"column":24},"end":{"line":223,"column":1}}},"1":{"name":"(anonymous_1)","decl":{"start":{"line":20,"column":4},"end":{"line":20,"column":16}},"loc":{"start":{"line":20,"column":75},"end":{"line":27,"column":5}}},"2":{"name":"(anonymous_2)","decl":{"start":{"line":29,"column":14},"end":{"line":29,"column":25}},"loc":{"start":{"line":34,"column":39},"end":{"line":79,"column":5}}},"3":{"name":"(anonymous_3)","decl":{"start":{"line":62,"column":25},"end":{"line":62,"column":26}},"loc":{"start":{"line":62,"column":45},"end":{"line":78,"column":7}}},"4":{"name":"(anonymous_4)","decl":{"start":{"line":67,"column":16},"end":{"line":67,"column":17}},"loc":{"start":{"line":67,"column":24},"end":{"line":72,"column":11}}},"5":{"name":"(anonymous_5)","decl":{"start":{"line":73,"column":16},"end":{"line":73,"column":17}},"loc":{"start":{"line":73,"column":29},"end":{"line":77,"column":11}}},"6":{"name":"(anonymous_6)","decl":{"start":{"line":81,"column":12},"end":{"line":81,"column":25}},"loc":{"start":{"line":81,"column":52},"end":{"line":88,"column":5}}},"7":{"name":"(anonymous_7)","decl":{"start":{"line":85,"column":15},"end":{"line":85,"column":16}},"loc":{"start":{"line":85,"column":24},"end":{"line":85,"column":47}}},"8":{"name":"(anonymous_8)","decl":{"start":{"line":90,"column":12},"end":{"line":90,"column":30}},"loc":{"start":{"line":90,"column":58},"end":{"line":100,"column":5}}},"9":{"name":"(anonymous_9)","decl":{"start":{"line":171,"column":2},"end":{"line":171,"column":14}},"loc":{"start":{"line":171,"column":28},"end":{"line":176,"column":3}}},"10":{"name":"(anonymous_10)","decl":{"start":{"line":178,"column":2},"end":{"line":178,"column":14}},"loc":{"start":{"line":178,"column":27},"end":{"line":185,"column":3}}},"11":{"name":"(anonymous_11)","decl":{"start":{"line":187,"column":2},"end":{"line":187,"column":14}},"loc":{"start":{"line":187,"column":24},"end":{"line":195,"column":3}}},"12":{"name":"(anonymous_12)","decl":{"start":{"line":197,"column":2},"end":{"line":197,"column":14}},"loc":{"start":{"line":197,"column":24},"end":{"line":200,"column":3}}},"13":{"name":"(anonymous_13)","decl":{"start":{"line":202,"column":2},"end":{"line":202,"column":14}},"loc":{"start":{"line":202,"column":32},"end":{"line":206,"column":3}}},"14":{"name":"(anonymous_14)","decl":{"start":{"line":208,"column":2},"end":{"line":208,"column":14}},"loc":{"start":{"line":208,"column":31},"end":{"line":212,"column":3}}},"15":{"name":"(anonymous_15)","decl":{"start":{"line":214,"column":2},"end":{"line":214,"column":14}},"loc":{"start":{"line":214,"column":26},"end":{"line":222,"column":3}}}},"branchMap":{"0":{"loc":{"start":{"line":20,"column":71},"end":{"line":20,"column":75}},"type":"default-arg","locations":[{"start":{"line":20,"column":71},"end":{"line":20,"column":75}}]},"1":{"loc":{"start":{"line":21,"column":6},"end":{"line":21,"column":66}},"type":"if","locations":[{"start":{"line":21,"column":6},"end":{"line":21,"column":66}},{"start":{"line":21,"column":6},"end":{"line":21,"column":66}}]},"2":{"loc":{"start":{"line":22,"column":6},"end":{"line":22,"column":72}},"type":"if","locations":[{"start":{"line":22,"column":6},"end":{"line":22,"column":72}},{"start":{"line":22,"column":6},"end":{"line":22,"column":72}}]},"3":{"loc":{"start":{"line":34,"column":34},"end":{"line":34,"column":39}},"type":"default-arg","locations":[{"start":{"line":34,"column":34},"end":{"line":34,"column":39}}]},"4":{"loc":{"start":{"line":36,"column":38},"end":{"line":36,"column":57}},"type":"cond-expr","locations":[{"start":{"line":36,"column":38},"end":{"line":36,"column":57}},{"start":{"line":36,"column":60},"end":{"line":36,"column":79}}]},"5":{"loc":{"start":{"line":40,"column":6},"end":{"line":49,"column":null}},"type":"if","locations":[{"start":{"line":40,"column":6},"end":{"line":49,"column":null}},{"start":{"line":40,"column":6},"end":{"line":49,"column":null}}]},"6":{"loc":{"start":{"line":56,"column":6},"end":{"line":60,"column":null}},"type":"if","locations":[{"start":{"line":56,"column":6},"end":{"line":60,"column":null}},{"start":{"line":56,"column":6},"end":{"line":60,"column":null}}]},"7":{"loc":{"start":{"line":68,"column":12},"end":{"line":68,"column":74}},"type":"if","locations":[{"start":{"line":68,"column":12},"end":{"line":68,"column":74}},{"start":{"line":68,"column":12},"end":{"line":68,"column":74}}]},"8":{"loc":{"start":{"line":69,"column":12},"end":{"line":69,"column":72}},"type":"if","locations":[{"start":{"line":69,"column":12},"end":{"line":69,"column":72}},{"start":{"line":69,"column":12},"end":{"line":69,"column":72}}]},"9":{"loc":{"start":{"line":74,"column":12},"end":{"line":74,"column":54}},"type":"if","locations":[{"start":{"line":74,"column":12},"end":{"line":74,"column":54}},{"start":{"line":74,"column":12},"end":{"line":74,"column":54}}]},"10":{"loc":{"start":{"line":74,"column":16},"end":{"line":74,"column":24}},"type":"binary-expr","locations":[{"start":{"line":74,"column":16},"end":{"line":74,"column":24}},{"start":{"line":74,"column":28},"end":{"line":74,"column":40}}]},"11":{"loc":{"start":{"line":95,"column":6},"end":{"line":97,"column":null}},"type":"if","locations":[{"start":{"line":95,"column":6},"end":{"line":97,"column":null}},{"start":{"line":95,"column":6},"end":{"line":97,"column":null}}]},"12":{"loc":{"start":{"line":171,"column":14},"end":{"line":171,"column":28}},"type":"binary-expr","locations":[{"start":{"line":171,"column":14},"end":{"line":171,"column":28}},{"start":{"line":171,"column":14},"end":{"line":171,"column":null}}]},"13":{"loc":{"start":{"line":178,"column":14},"end":{"line":178,"column":27}},"type":"binary-expr","locations":[{"start":{"line":178,"column":14},"end":{"line":178,"column":27}},{"start":{"line":178,"column":14},"end":{"line":178,"column":null}}]},"14":{"loc":{"start":{"line":187,"column":14},"end":{"line":187,"column":24}},"type":"binary-expr","locations":[{"start":{"line":187,"column":14},"end":{"line":187,"column":24}},{"start":{"line":187,"column":14},"end":{"line":187,"column":null}}]},"15":{"loc":{"start":{"line":197,"column":14},"end":{"line":197,"column":24}},"type":"binary-expr","locations":[{"start":{"line":197,"column":14},"end":{"line":197,"column":24}},{"start":{"line":197,"column":14},"end":{"line":197,"column":null}}]},"16":{"loc":{"start":{"line":202,"column":14},"end":{"line":202,"column":32}},"type":"binary-expr","locations":[{"start":{"line":202,"column":14},"end":{"line":202,"column":32}},{"start":{"line":202,"column":14},"end":{"line":202,"column":null}}]},"17":{"loc":{"start":{"line":208,"column":14},"end":{"line":208,"column":31}},"type":"binary-expr","locations":[{"start":{"line":208,"column":14},"end":{"line":208,"column":31}},{"start":{"line":208,"column":14},"end":{"line":208,"column":null}}]},"18":{"loc":{"start":{"line":214,"column":14},"end":{"line":214,"column":26}},"type":"binary-expr","locations":[{"start":{"line":214,"column":14},"end":{"line":214,"column":26}},{"start":{"line":214,"column":14},"end":{"line":214,"column":null}}]},"19":{"loc":{"start":{"line":9,"column":17},"end":{"line":9,"column":24}},"type":"binary-expr","locations":[{"start":{"line":9,"column":17},"end":{"line":9,"column":24}},{"start":{"line":9,"column":17},"end":{"line":9,"column":null}}]}},"s":{"0":4,"1":4,"2":4,"3":4,"4":4,"5":4,"6":7,"7":7,"8":7,"9":7,"10":7,"11":7,"12":7,"13":7,"14":7,"15":7,"16":7,"17":7,"18":7,"19":7,"20":7,"21":7,"22":7,"23":7,"24":7,"25":7,"26":7,"27":7,"28":7,"29":7,"30":7,"31":7,"32":7,"33":7,"34":7,"35":7,"36":7,"37":7,"38":7,"39":7,"40":7,"41":7,"42":7,"43":7,"44":7,"45":7,"46":7,"47":7,"48":7,"49":7,"50":7,"51":7,"52":1,"53":6,"54":1,"55":5,"56":5,"57":5,"58":44,"59":44,"60":12,"61":32,"62":44,"63":44,"64":44,"65":44,"66":32,"67":32,"68":44,"69":44,"70":44,"71":0,"72":44,"73":0,"74":44,"75":44,"76":1,"77":44,"78":88,"79":226,"80":44,"81":44,"82":44,"83":44,"84":4,"85":4,"86":4,"87":4,"88":4,"89":4,"90":4,"91":4,"92":4,"93":4,"94":4,"95":4,"96":4,"97":4,"98":4,"99":4,"100":4,"101":4,"102":4,"103":4,"104":4,"105":4,"106":4,"107":4,"108":4,"109":4,"110":4,"111":4,"112":4,"113":4,"114":4,"115":4,"116":4,"117":4,"118":4,"119":4,"120":4,"121":4,"122":4,"123":4},"f":{"0":4,"1":7,"2":44,"3":44,"4":44,"5":44,"6":88,"7":226,"8":44,"9":4,"10":4,"11":4,"12":4,"13":4,"14":4,"15":4},"b":{"0":[0],"1":[1,6],"2":[1,5],"3":[32],"4":[31,13],"5":[12,32],"6":[32,12],"7":[0,44],"8":[0,44],"9":[1,43],"10":[44,2],"11":[44,0],"12":[4,4],"13":[4,4],"14":[4,4],"15":[4,4],"16":[4,4],"17":[4,4],"18":[4,4],"19":[4,4]}}
,"P:\\Node\\node-binance\\src\\lib\\Market.ts": {"path":"P:\\Node\\node-binance\\src\\lib\\Market.ts","statementMap":{"0":{"start":{"line":1,"column":0},"end":{"line":1,"column":37}},"1":{"start":{"line":5,"column":4},"end":{"line":11,"column":6}},"2":{"start":{"line":15,"column":4},"end":{"line":21,"column":6}},"3":{"start":{"line":25,"column":4},"end":{"line":31,"column":6}},"4":{"start":{"line":35,"column":4},"end":{"line":41,"column":6}},"5":{"start":{"line":45,"column":4},"end":{"line":51,"column":6}},"6":{"start":{"line":55,"column":4},"end":{"line":61,"column":6}},"7":{"start":{"line":65,"column":4},"end":{"line":71,"column":6}},"8":{"start":{"line":75,"column":4},"end":{"line":81,"column":6}},"9":{"start":{"line":85,"column":4},"end":{"line":91,"column":6}},"10":{"start":{"line":95,"column":4},"end":{"line":101,"column":6}},"11":{"start":{"line":105,"column":4},"end":{"line":111,"column":6}},"12":{"start":{"line":115,"column":4},"end":{"line":121,"column":6}},"13":{"start":{"line":3,"column":0},"end":{"line":3,"column":13}}},"fnMap":{"0":{"name":"(anonymous_0)","decl":{"start":{"line":4,"column":2},"end":{"line":4,"column":24}},"loc":{"start":{"line":4,"column":24},"end":{"line":12,"column":3}}},"1":{"name":"(anonymous_1)","decl":{"start":{"line":14,"column":2},"end":{"line":14,"column":23}},"loc":{"start":{"line":14,"column":23},"end":{"line":22,"column":3}}},"2":{"name":"(anonymous_2)","decl":{"start":{"line":24,"column":2},"end":{"line":24,"column":27}},"loc":{"start":{"line":24,"column":27},"end":{"line":32,"column":3}}},"3":{"name":"(anonymous_3)","decl":{"start":{"line":34,"column":2},"end":{"line":34,"column":17}},"loc":{"start":{"line":34,"column":71},"end":{"line":42,"column":3}}},"4":{"name":"(anonymous_4)","decl":{"start":{"line":44,"column":2},"end":{"line":44,"column":24}},"loc":{"start":{"line":44,"column":85},"end":{"line":52,"column":3}}},"5":{"name":"(anonymous_5)","decl":{"start":{"line":54,"column":2},"end":{"line":54,"column":22}},"loc":{"start":{"line":54,"column":81},"end":{"line":62,"column":3}}},"6":{"name":"(anonymous_6)","decl":{"start":{"line":64,"column":2},"end":{"line":64,"column":27}},"loc":{"start":{"line":64,"column":91},"end":{"line":72,"column":3}}},"7":{"name":"(anonymous_7)","decl":{"start":{"line":74,"column":2},"end":{"line":74,"column":17}},"loc":{"start":{"line":74,"column":71},"end":{"line":82,"column":3}}},"8":{"name":"(anonymous_8)","decl":{"start":{"line":84,"column":2},"end":{"line":84,"column":27}},"loc":{"start":{"line":84,"column":91},"end":{"line":92,"column":3}}},"9":{"name":"(anonymous_9)","decl":{"start":{"line":94,"column":2},"end":{"line":94,"column":29}},"loc":{"start":{"line":94,"column":99},"end":{"line":102,"column":3}}},"10":{"name":"(anonymous_10)","decl":{"start":{"line":104,"column":2},"end":{"line":104,"column":25}},"loc":{"start":{"line":104,"column":92},"end":{"line":112,"column":3}}},"11":{"name":"(anonymous_11)","decl":{"start":{"line":114,"column":2},"end":{"line":114,"column":29}},"loc":{"start":{"line":114,"column":100},"end":{"line":122,"column":3}}}},"branchMap":{"0":{"loc":{"start":{"line":94,"column":97},"end":{"line":94,"column":99}},"type":"default-arg","locations":[{"start":{"line":94,"column":97},"end":{"line":94,"column":99}}]},"1":{"loc":{"start":{"line":104,"column":90},"end":{"line":104,"column":92}},"type":"default-arg","locations":[{"start":{"line":104,"column":90},"end":{"line":104,"column":92}}]},"2":{"loc":{"start":{"line":114,"column":98},"end":{"line":114,"column":100}},"type":"default-arg","locations":[{"start":{"line":114,"column":98},"end":{"line":114,"column":100}}]}},"s":{"0":4,"1":1,"2":1,"3":1,"4":1,"5":1,"6":1,"7":1,"8":1,"9":1,"10":1,"11":1,"12":1,"13":4},"f":{"0":1,"1":1,"2":1,"3":1,"4":1,"5":1,"6":1,"7":1,"8":1,"9":1,"10":1,"11":1},"b":{"0":[0],"1":[0],"2":[0]}}
,"P:\\Node\\node-binance\\src\\lib\\Spot.ts": {"path":"P:\\Node\\node-binance\\src\\lib\\Spot.ts","statementMap":{"0":{"start":{"line":1,"column":0},"end":{"line":1,"column":37}},"1":{"start":{"line":5,"column":4},"end":{"line":10,"column":6}},"2":{"start":{"line":14,"column":4},"end":{"line":19,"column":6}},"3":{"start":{"line":23,"column":4},"end":{"line":28,"column":6}},"4":{"start":{"line":32,"column":4},"end":{"line":37,"column":6}},"5":{"start":{"line":41,"column":4},"end":{"line":46,"column":6}},"6":{"start":{"line":50,"column":4},"end":{"line":55,"column":6}},"7":{"start":{"line":59,"column":4},"end":{"line":64,"column":6}},"8":{"start":{"line":68,"column":4},"end":{"line":73,"column":6}},"9":{"start":{"line":77,"column":4},"end":{"line":82,"column":6}},"10":{"start":{"line":86,"column":4},"end":{"line":91,"column":6}},"11":{"start":{"line":95,"column":4},"end":{"line":100,"column":6}},"12":{"start":{"line":104,"column":4},"end":{"line":109,"column":6}},"13":{"start":{"line":113,"column":4},"end":{"line":118,"column":6}},"14":{"start":{"line":122,"column":4},"end":{"line":127,"column":6}},"15":{"start":{"line":3,"column":0},"end":{"line":3,"column":13}}},"fnMap":{"0":{"name":"(anonymous_0)","decl":{"start":{"line":4,"column":2},"end":{"line":4,"column":18}},"loc":{"start":{"line":4,"column":69},"end":{"line":11,"column":3}}},"1":{"name":"(anonymous_1)","decl":{"start":{"line":13,"column":2},"end":{"line":13,"column":14}},"loc":{"start":{"line":13,"column":65},"end":{"line":20,"column":3}}},"2":{"name":"(anonymous_2)","decl":{"start":{"line":22,"column":2},"end":{"line":22,"column":17}},"loc":{"start":{"line":22,"column":71},"end":{"line":29,"column":3}}},"3":{"name":"(anonymous_3)","decl":{"start":{"line":31,"column":2},"end":{"line":31,"column":29}},"loc":{"start":{"line":31,"column":95},"end":{"line":38,"column":3}}},"4":{"name":"(anonymous_4)","decl":{"start":{"line":40,"column":2},"end":{"line":40,"column":16}},"loc":{"start":{"line":40,"column":69},"end":{"line":47,"column":3}}},"5":{"name":"(anonymous_5)","decl":{"start":{"line":49,"column":2},"end":{"line":49,"column":23}},"loc":{"start":{"line":49,"column":83},"end":{"line":56,"column":3}}},"6":{"name":"(anonymous_6)","decl":{"start":{"line":58,"column":2},"end":{"line":58,"column":15}},"loc":{"start":{"line":58,"column":67},"end":{"line":65,"column":3}}},"7":{"name":"(anonymous_7)","decl":{"start":{"line":67,"column":2},"end":{"line":67,"column":12}},"loc":{"start":{"line":67,"column":61},"end":{"line":74,"column":3}}},"8":{"name":"(anonymous_8)","decl":{"start":{"line":76,"column":2},"end":{"line":76,"column":15}},"loc":{"start":{"line":76,"column":67},"end":{"line":83,"column":3}}},"9":{"name":"(anonymous_9)","decl":{"start":{"line":85,"column":2},"end":{"line":85,"column":14}},"loc":{"start":{"line":85,"column":65},"end":{"line":92,"column":3}}},"10":{"name":"(anonymous_10)","decl":{"start":{"line":94,"column":2},"end":{"line":94,"column":17}},"loc":{"start":{"line":94,"column":76},"end":{"line":101,"column":3}}},"11":{"name":"(anonymous_11)","decl":{"start":{"line":103,"column":2},"end":{"line":103,"column":18}},"loc":{"start":{"line":103,"column":77},"end":{"line":110,"column":3}}},"12":{"name":"(anonymous_12)","decl":{"start":{"line":112,"column":2},"end":{"line":112,"column":24}},"loc":{"start":{"line":112,"column":83},"end":{"line":119,"column":3}}},"13":{"name":"(anonymous_13)","decl":{"start":{"line":121,"column":2},"end":{"line":121,"column":22}},"loc":{"start":{"line":121,"column":81},"end":{"line":128,"column":3}}}},"branchMap":{"0":{"loc":{"start":{"line":94,"column":74},"end":{"line":94,"column":76}},"type":"default-arg","locations":[{"start":{"line":94,"column":74},"end":{"line":94,"column":76}}]},"1":{"loc":{"start":{"line":103,"column":75},"end":{"line":103,"column":77}},"type":"default-arg","locations":[{"start":{"line":103,"column":75},"end":{"line":103,"column":77}}]},"2":{"loc":{"start":{"line":112,"column":81},"end":{"line":112,"column":83}},"type":"default-arg","locations":[{"start":{"line":112,"column":81},"end":{"line":112,"column":83}}]}},"s":{"0":4,"1":1,"2":4,"3":1,"4":1,"5":1,"6":1,"7":1,"8":2,"9":2,"10":1,"11":1,"12":1,"13":1,"14":1,"15":4},"f":{"0":1,"1":4,"2":1,"3":1,"4":1,"5":1,"6":1,"7":2,"8":2,"9":1,"10":1,"11":1,"12":1,"13":1},"b":{"0":[1],"1":[1],"2":[1]}}
,"P:\\Node\\node-binance\\src\\lib\\SubAccount.ts": {"path":"P:\\Node\\node-binance\\src\\lib\\SubAccount.ts","statementMap":{"0":{"start":{"line":1,"column":0},"end":{"line":1,"column":37}},"1":{"start":{"line":5,"column":4},"end":{"line":10,"column":6}},"2":{"start":{"line":14,"column":4},"end":{"line":19,"column":6}},"3":{"start":{"line":23,"column":4},"end":{"line":28,"column":6}},"4":{"start":{"line":3,"column":0},"end":{"line":3,"column":13}}},"fnMap":{"0":{"name":"(anonymous_0)","decl":{"start":{"line":4,"column":2},"end":{"line":4,"column":17}},"loc":{"start":{"line":4,"column":17},"end":{"line":11,"column":3}}},"1":{"name":"(anonymous_1)","decl":{"start":{"line":13,"column":2},"end":{"line":13,"column":28}},"loc":{"start":{"line":13,"column":28},"end":{"line":20,"column":3}}},"2":{"name":"(anonymous_2)","decl":{"start":{"line":22,"column":2},"end":{"line":22,"column":19}},"loc":{"start":{"line":22,"column":19},"end":{"line":29,"column":3}}}},"branchMap":{},"s":{"0":0,"1":0,"2":0,"3":0,"4":0},"f":{"0":0,"1":0,"2":0},"b":{}}
,"P:\\Node\\node-binance\\src\\lib\\Wallet.ts": {"path":"P:\\Node\\node-binance\\src\\lib\\Wallet.ts","statementMap":{"0":{"start":{"line":1,"column":0},"end":{"line":1,"column":37}},"1":{"start":{"line":5,"column":4},"end":{"line":10,"column":6}},"2":{"start":{"line":14,"column":4},"end":{"line":19,"column":6}},"3":{"start":{"line":23,"column":4},"end":{"line":28,"column":6}},"4":{"start":{"line":32,"column":4},"end":{"line":37,"column":6}},"5":{"start":{"line":41,"column":4},"end":{"line":46,"column":6}},"6":{"start":{"line":50,"column":4},"end":{"line":55,"column":6}},"7":{"start":{"line":59,"column":4},"end":{"line":64,"column":6}},"8":{"start":{"line":68,"column":4},"end":{"line":73,"column":6}},"9":{"start":{"line":77,"column":4},"end":{"line":82,"column":6}},"10":{"start":{"line":86,"column":4},"end":{"line":91,"column":6}},"11":{"start":{"line":95,"column":4},"end":{"line":100,"column":6}},"12":{"start":{"line":104,"column":4},"end":{"line":109,"column":6}},"13":{"start":{"line":113,"column":4},"end":{"line":118,"column":6}},"14":{"start":{"line":122,"column":4},"end":{"line":127,"column":6}},"15":{"start":{"line":131,"column":4},"end":{"line":136,"column":6}},"16":{"start":{"line":140,"column":4},"end":{"line":145,"column":6}},"17":{"start":{"line":3,"column":0},"end":{"line":3,"column":13}}},"fnMap":{"0":{"name":"(anonymous_0)","decl":{"start":{"line":4,"column":2},"end":{"line":4,"column":22}},"loc":{"start":{"line":4,"column":86},"end":{"line":11,"column":3}}},"1":{"name":"(anonymous_1)","decl":{"start":{"line":13,"column":2},"end":{"line":13,"column":23}},"loc":{"start":{"line":13,"column":88},"end":{"line":20,"column":3}}},"2":{"name":"(anonymous_2)","decl":{"start":{"line":22,"column":2},"end":{"line":22,"column":22}},"loc":{"start":{"line":22,"column":81},"end":{"line":29,"column":3}}},"3":{"name":"(anonymous_3)","decl":{"start":{"line":31,"column":2},"end":{"line":31,"column":21}},"loc":{"start":{"line":31,"column":80},"end":{"line":38,"column":3}}},"4":{"name":"(anonymous_4)","decl":{"start":{"line":40,"column":2},"end":{"line":40,"column":20}},"loc":{"start":{"line":40,"column":20},"end":{"line":47,"column":3}}},"5":{"name":"(anonymous_5)","decl":{"start":{"line":49,"column":2},"end":{"line":49,"column":24}},"loc":{"start":{"line":49,"column":83},"end":{"line":56,"column":3}}},"6":{"name":"(anonymous_6)","decl":{"start":{"line":58,"column":2},"end":{"line":58,"column":15}},"loc":{"start":{"line":58,"column":74},"end":{"line":65,"column":3}}},"7":{"name":"(anonymous_7)","decl":{"start":{"line":67,"column":2},"end":{"line":67,"column":20}},"loc":{"start":{"line":67,"column":77},"end":{"line":74,"column":3}}},"8":{"name":"(anonymous_8)","decl":{"start":{"line":76,"column":2},"end":{"line":76,"column":16}},"loc":{"start":{"line":76,"column":74},"end":{"line":83,"column":3}}},"9":{"name":"(anonymous_9)","decl":{"start":{"line":85,"column":2},"end":{"line":85,"column":19}},"loc":{"start":{"line":85,"column":78},"end":{"line":92,"column":3}}},"10":{"name":"(anonymous_10)","decl":{"start":{"line":94,"column":2},"end":{"line":94,"column":16}},"loc":{"start":{"line":94,"column":75},"end":{"line":101,"column":3}}},"11":{"name":"(anonymous_11)","decl":{"start":{"line":103,"column":2},"end":{"line":103,"column":28}},"loc":{"start":{"line":103,"column":93},"end":{"line":110,"column":3}}},"12":{"name":"(anonymous_12)","decl":{"start":{"line":112,"column":2},"end":{"line":112,"column":21}},"loc":{"start":{"line":112,"column":84},"end":{"line":119,"column":3}}},"13":{"name":"(anonymous_13)","decl":{"start":{"line":121,"column":2},"end":{"line":121,"column":16}},"loc":{"start":{"line":121,"column":69},"end":{"line":128,"column":3}}},"14":{"name":"(anonymous_14)","decl":{"start":{"line":130,"column":2},"end":{"line":130,"column":33}},"loc":{"start":{"line":130,"column":87},"end":{"line":137,"column":3}}},"15":{"name":"(anonymous_15)","decl":{"start":{"line":139,"column":2},"end":{"line":139,"column":32}},"loc":{"start":{"line":139,"column":86},"end":{"line":146,"column":3}}}},"branchMap":{"0":{"loc":{"start":{"line":4,"column":84},"end":{"line":4,"column":86}},"type":"default-arg","locations":[{"start":{"line":4,"column":84},"end":{"line":4,"column":86}}]},"1":{"loc":{"start":{"line":13,"column":86},"end":{"line":13,"column":88}},"type":"default-arg","locations":[{"start":{"line":13,"column":86},"end":{"line":13,"column":88}}]},"2":{"loc":{"start":{"line":31,"column":78},"end":{"line":31,"column":80}},"type":"default-arg","locations":[{"start":{"line":31,"column":78},"end":{"line":31,"column":80}}]},"3":{"loc":{"start":{"line":49,"column":81},"end":{"line":49,"column":83}},"type":"default-arg","locations":[{"start":{"line":49,"column":81},"end":{"line":49,"column":83}}]},"4":{"loc":{"start":{"line":58,"column":72},"end":{"line":58,"column":74}},"type":"default-arg","locations":[{"start":{"line":58,"column":72},"end":{"line":58,"column":74}}]},"5":{"loc":{"start":{"line":76,"column":72},"end":{"line":76,"column":74}},"type":"default-arg","locations":[{"start":{"line":76,"column":72},"end":{"line":76,"column":74}}]},"6":{"loc":{"start":{"line":85,"column":76},"end":{"line":85,"column":78}},"type":"default-arg","locations":[{"start":{"line":85,"column":76},"end":{"line":85,"column":78}}]},"7":{"loc":{"start":{"line":94,"column":73},"end":{"line":94,"column":75}},"type":"default-arg","locations":[{"start":{"line":94,"column":73},"end":{"line":94,"column":75}}]},"8":{"loc":{"start":{"line":112,"column":82},"end":{"line":112,"column":84}},"type":"default-arg","locations":[{"start":{"line":112,"column":82},"end":{"line":112,"column":84}}]}},"s":{"0":4,"1":1,"2":1,"3":1,"4":1,"5":1,"6":1,"7":1,"8":0,"9":2,"10":1,"11":1,"12":1,"13":1,"14":0,"15":0,"16":0,"17":4},"f":{"0":1,"1":1,"2":1,"3":1,"4":1,"5":1,"6":1,"7":0,"8":2,"9":1,"10":1,"11":1,"12":1,"13":0,"14":0,"15":0},"b":{"0":[1],"1":[1],"2":[1],"3":[1],"4":[1],"5":[2],"6":[1],"7":[1],"8":[1]}}
}
