TN:
SF:src\Binance.ts
FN:11,(anonymous_0)
FN:26,(anonymous_1)
FN:35,(anonymous_2)
FN:68,(anonymous_3)
FN:73,(anonymous_4)
FN:79,(anonymous_5)
FN:87,(anonymous_6)
FN:91,(anonymous_7)
FN:96,(anonymous_8)
FN:108,(anonymous_9)
FN:112,(anonymous_10)
FN:113,(anonymous_11)
FN:114,(anonymous_12)
FN:230,(anonymous_13)
FN:237,(anonymous_14)
FN:246,(anonymous_15)
FN:256,(anonymous_16)
FN:261,(anonymous_17)
FN:267,(anonymous_18)
FN:273,(anonymous_19)
FN:283,(anonymous_20)
FN:289,(anonymous_21)
FN:299,(anonymous_22)
FNF:23
FNH:22
FNDA:6,(anonymous_0)
FNDA:9,(anonymous_1)
FNDA:66,(anonymous_2)
FNDA:66,(anonymous_3)
FNDA:66,(anonymous_4)
FNDA:66,(anonymous_5)
FNDA:132,(anonymous_6)
FNDA:315,(anonymous_7)
FNDA:66,(anonymous_8)
FNDA:10,(anonymous_9)
FNDA:0,(anonymous_10)
FNDA:10,(anonymous_11)
FNDA:10,(anonymous_12)
FNDA:6,(anonymous_13)
FNDA:6,(anonymous_14)
FNDA:6,(anonymous_15)
FNDA:6,(anonymous_16)
FNDA:6,(anonymous_17)
FNDA:6,(anonymous_18)
FNDA:6,(anonymous_19)
FNDA:6,(anonymous_20)
FNDA:6,(anonymous_21)
FNDA:6,(anonymous_22)
DA:1,6
DA:2,6
DA:3,6
DA:5,6
DA:6,6
DA:7,6
DA:8,6
DA:9,6
DA:11,6
DA:12,6
DA:17,9
DA:18,9
DA:20,9
DA:22,9
DA:24,9
DA:27,9
DA:28,8
DA:30,7
DA:31,7
DA:32,7
DA:42,66
DA:46,66
DA:47,14
DA:51,52
DA:57,66
DA:59,66
DA:60,66
DA:62,66
DA:63,47
DA:65,47
DA:68,66
DA:69,66
DA:74,66
DA:75,66
DA:77,66
DA:80,66
DA:82,66
DA:88,132
DA:91,315
DA:97,66
DA:101,66
DA:102,66
DA:105,66
DA:109,10
DA:111,10
DA:112,10
DA:113,10
DA:114,10
DA:116,10
DA:120,9
DA:121,9
DA:122,9
DA:123,9
DA:124,9
DA:125,9
DA:126,9
DA:127,9
DA:128,9
DA:129,9
DA:130,9
DA:131,9
DA:132,9
DA:133,9
DA:134,9
DA:135,9
DA:138,9
DA:139,9
DA:140,9
DA:141,9
DA:142,9
DA:143,9
DA:144,9
DA:145,9
DA:146,9
DA:147,9
DA:148,9
DA:149,9
DA:152,9
DA:153,9
DA:154,9
DA:155,9
DA:156,9
DA:157,9
DA:158,9
DA:159,9
DA:160,9
DA:161,9
DA:162,9
DA:163,9
DA:164,9
DA:165,9
DA:168,9
DA:169,9
DA:170,9
DA:171,9
DA:172,9
DA:173,9
DA:174,9
DA:175,9
DA:176,9
DA:177,9
DA:178,9
DA:179,9
DA:180,9
DA:181,9
DA:182,9
DA:183,9
DA:184,9
DA:185,9
DA:186,9
DA:187,9
DA:188,9
DA:189,9
DA:190,9
DA:191,9
DA:192,9
DA:193,9
DA:194,9
DA:195,9
DA:198,9
DA:199,9
DA:200,9
DA:201,9
DA:202,9
DA:203,9
DA:204,9
DA:205,9
DA:206,9
DA:207,9
DA:230,6
DA:231,6
DA:232,6
DA:233,6
DA:234,6
DA:237,6
DA:238,6
DA:239,6
DA:240,6
DA:241,6
DA:242,6
DA:243,6
DA:246,6
DA:247,6
DA:248,6
DA:249,6
DA:250,6
DA:251,6
DA:252,6
DA:253,6
DA:256,6
DA:257,6
DA:258,6
DA:261,6
DA:262,6
DA:263,6
DA:264,6
DA:267,6
DA:268,6
DA:269,6
DA:270,6
DA:273,6
DA:274,6
DA:275,6
DA:276,6
DA:277,6
DA:278,6
DA:279,6
DA:280,6
DA:283,6
DA:284,6
DA:285,6
DA:286,6
DA:289,6
DA:290,6
DA:291,6
DA:292,6
DA:293,6
DA:294,6
DA:295,6
DA:296,6
DA:299,6
DA:300,6
DA:301,6
DA:302,6
DA:303,6
DA:304,6
DA:305,6
DA:306,6
DA:307,6
DA:308,6
DA:309,6
DA:310,6
DA:311,6
DA:312,6
DA:313,6
DA:314,6
LF:196
LH:196
BRDA:26,0,0,0
BRDA:27,1,0,1
BRDA:27,1,1,8
BRDA:28,2,0,1
BRDA:28,2,1,7
BRDA:40,3,0,52
BRDA:42,4,0,33
BRDA:42,4,1,33
BRDA:46,5,0,14
BRDA:46,5,1,52
BRDA:62,6,0,47
BRDA:62,6,1,19
BRDA:74,7,0,0
BRDA:74,7,1,66
BRDA:75,8,0,0
BRDA:75,8,1,66
BRDA:80,9,0,1
BRDA:80,9,1,65
BRDA:80,10,0,66
BRDA:80,10,1,2
BRDA:101,11,0,66
BRDA:101,11,1,0
BRDA:109,12,0,0
BRDA:109,12,1,10
BRDA:230,13,0,6
BRDA:230,13,1,6
BRDA:237,14,0,6
BRDA:237,14,1,6
BRDA:246,15,0,6
BRDA:246,15,1,6
BRDA:256,16,0,6
BRDA:256,16,1,6
BRDA:261,17,0,6
BRDA:261,17,1,6
BRDA:267,18,0,6
BRDA:267,18,1,6
BRDA:273,19,0,6
BRDA:273,19,1,6
BRDA:283,20,0,6
BRDA:283,20,1,6
BRDA:289,21,0,6
BRDA:289,21,1,6
BRDA:299,22,0,6
BRDA:299,22,1,6
BRDA:11,23,0,6
BRDA:11,23,1,6
BRF:46
BRH:41
end_of_record
TN:
SF:src\lib\Margin.ts
FN:7,(anonymous_0)
FN:19,(anonymous_1)
FN:31,(anonymous_2)
FN:40,(anonymous_3)
FN:49,(anonymous_4)
FN:58,(anonymous_5)
FN:67,(anonymous_6)
FN:76,(anonymous_7)
FN:88,(anonymous_8)
FN:100,(anonymous_9)
FN:109,(anonymous_10)
FN:118,(anonymous_11)
FN:127,(anonymous_12)
FN:136,(anonymous_13)
FN:145,(anonymous_14)
FN:154,(anonymous_15)
FN:166,(anonymous_16)
FN:175,(anonymous_17)
FN:184,(anonymous_18)
FN:193,(anonymous_19)
FN:202,(anonymous_20)
FN:211,(anonymous_21)
FN:223,(anonymous_22)
FN:235,(anonymous_23)
FN:244,(anonymous_24)
FN:253,(anonymous_25)
FN:262,(anonymous_26)
FN:271,(anonymous_27)
FNF:28
FNH:20
FNDA:0,(anonymous_0)
FNDA:0,(anonymous_1)
FNDA:0,(anonymous_2)
FNDA:1,(anonymous_3)
FNDA:1,(anonymous_4)
FNDA:1,(anonymous_5)
FNDA:1,(anonymous_6)
FNDA:1,(anonymous_7)
FNDA:0,(anonymous_8)
FNDA:0,(anonymous_9)
FNDA:1,(anonymous_10)
FNDA:1,(anonymous_11)
FNDA:1,(anonymous_12)
FNDA:1,(anonymous_13)
FNDA:1,(anonymous_14)
FNDA:1,(anonymous_15)
FNDA:0,(anonymous_16)
FNDA:1,(anonymous_17)
FNDA:1,(anonymous_18)
FNDA:1,(anonymous_19)
FNDA:1,(anonymous_20)
FNDA:1,(anonymous_21)
FNDA:0,(anonymous_22)
FNDA:0,(anonymous_23)
FNDA:1,(anonymous_24)
FNDA:1,(anonymous_25)
FNDA:1,(anonymous_26)
FNDA:1,(anonymous_27)
DA:1,6
DA:3,6
DA:8,0
DA:20,0
DA:32,0
DA:41,1
DA:50,1
DA:59,1
DA:68,1
DA:77,1
DA:89,0
DA:101,0
DA:110,1
DA:119,1
DA:128,1
DA:137,1
DA:146,1
DA:155,1
DA:167,0
DA:176,1
DA:185,1
DA:194,1
DA:203,1
DA:212,1
DA:224,0
DA:236,0
DA:245,1
DA:254,1
DA:263,1
DA:272,1
LF:30
LH:22
BRDA:58,0,0,1
BRDA:67,1,0,1
BRDA:109,2,0,1
BRDA:145,3,0,1
BRDA:154,4,0,1
BRDA:253,5,0,1
BRDA:271,6,0,1
BRF:7
BRH:7
end_of_record
TN:
SF:src\lib\Market.ts
FN:4,(anonymous_0)
FN:14,(anonymous_1)
FN:24,(anonymous_2)
FN:34,(anonymous_3)
FN:44,(anonymous_4)
FN:54,(anonymous_5)
FN:64,(anonymous_6)
FN:74,(anonymous_7)
FN:84,(anonymous_8)
FN:94,(anonymous_9)
FN:104,(anonymous_10)
FN:114,(anonymous_11)
FNF:12
FNH:12
FNDA:1,(anonymous_0)
FNDA:1,(anonymous_1)
FNDA:1,(anonymous_2)
FNDA:1,(anonymous_3)
FNDA:1,(anonymous_4)
FNDA:1,(anonymous_5)
FNDA:1,(anonymous_6)
FNDA:1,(anonymous_7)
FNDA:3,(anonymous_8)
FNDA:1,(anonymous_9)
FNDA:1,(anonymous_10)
FNDA:1,(anonymous_11)
DA:1,6
DA:3,6
DA:5,1
DA:15,1
DA:25,1
DA:35,1
DA:45,1
DA:55,1
DA:65,1
DA:75,1
DA:85,3
DA:95,1
DA:105,1
DA:115,1
LF:14
LH:14
BRDA:94,0,0,0
BRDA:104,1,0,0
BRDA:114,2,0,0
BRF:3
BRH:0
end_of_record
TN:
SF:src\lib\Spot.ts
FN:4,(anonymous_0)
FN:13,(anonymous_1)
FN:22,(anonymous_2)
FN:31,(anonymous_3)
FN:40,(anonymous_4)
FN:49,(anonymous_5)
FN:58,(anonymous_6)
FN:67,(anonymous_7)
FN:76,(anonymous_8)
FN:85,(anonymous_9)
FN:94,(anonymous_10)
FN:103,(anonymous_11)
FN:112,(anonymous_12)
FN:121,(anonymous_13)
FNF:14
FNH:14
FNDA:1,(anonymous_0)
FNDA:4,(anonymous_1)
FNDA:1,(anonymous_2)
FNDA:1,(anonymous_3)
FNDA:1,(anonymous_4)
FNDA:1,(anonymous_5)
FNDA:1,(anonymous_6)
FNDA:2,(anonymous_7)
FNDA:2,(anonymous_8)
FNDA:1,(anonymous_9)
FNDA:1,(anonymous_10)
FNDA:1,(anonymous_11)
FNDA:1,(anonymous_12)
FNDA:1,(anonymous_13)
DA:1,6
DA:3,6
DA:5,1
DA:14,4
DA:23,1
DA:32,1
DA:41,1
DA:50,1
DA:59,1
DA:68,2
DA:77,2
DA:86,1
DA:95,1
DA:104,1
DA:113,1
DA:122,1
LF:16
LH:16
BRDA:94,0,0,1
BRDA:103,1,0,1
BRDA:112,2,0,1
BRF:3
BRH:3
end_of_record
TN:
SF:src\lib\Stream.ts
FN:4,(anonymous_0)
FN:8,(anonymous_1)
FN:12,(anonymous_2)
FN:16,(anonymous_3)
FN:20,(anonymous_4)
FN:24,(anonymous_5)
FN:28,(anonymous_6)
FN:32,(anonymous_7)
FN:36,(anonymous_8)
FN:40,(anonymous_9)
FNF:10
FNH:10
FNDA:1,(anonymous_0)
FNDA:1,(anonymous_1)
FNDA:1,(anonymous_2)
FNDA:1,(anonymous_3)
FNDA:1,(anonymous_4)
FNDA:1,(anonymous_5)
FNDA:1,(anonymous_6)
FNDA:1,(anonymous_7)
FNDA:1,(anonymous_8)
FNDA:1,(anonymous_9)
DA:3,6
DA:5,1
DA:9,1
DA:13,1
DA:17,1
DA:21,1
DA:25,1
DA:29,1
DA:33,1
DA:37,1
DA:41,1
LF:11
LH:11
BRDA:41,0,0,0
BRDA:41,0,1,1
BRF:2
BRH:1
end_of_record
TN:
SF:src\lib\SubAccount.ts
FN:4,(anonymous_0)
FN:13,(anonymous_1)
FN:22,(anonymous_2)
FNF:3
FNH:0
FNDA:0,(anonymous_0)
FNDA:0,(anonymous_1)
FNDA:0,(anonymous_2)
DA:1,0
DA:3,0
DA:5,0
DA:14,0
DA:23,0
LF:5
LH:0
BRF:0
BRH:0
end_of_record
TN:
SF:src\lib\Wallet.ts
FN:4,(anonymous_0)
FN:13,(anonymous_1)
FN:22,(anonymous_2)
FN:31,(anonymous_3)
FN:40,(anonymous_4)
FN:49,(anonymous_5)
FN:58,(anonymous_6)
FN:70,(anonymous_7)
FN:79,(anonymous_8)
FN:88,(anonymous_9)
FN:97,(anonymous_10)
FN:106,(anonymous_11)
FN:115,(anonymous_12)
FN:127,(anonymous_13)
FN:139,(anonymous_14)
FN:151,(anonymous_15)
FNF:16
FNH:12
FNDA:1,(anonymous_0)
FNDA:1,(anonymous_1)
FNDA:1,(anonymous_2)
FNDA:1,(anonymous_3)
FNDA:1,(anonymous_4)
FNDA:1,(anonymous_5)
FNDA:1,(anonymous_6)
FNDA:0,(anonymous_7)
FNDA:2,(anonymous_8)
FNDA:1,(anonymous_9)
FNDA:1,(anonymous_10)
FNDA:1,(anonymous_11)
FNDA:1,(anonymous_12)
FNDA:0,(anonymous_13)
FNDA:0,(anonymous_14)
FNDA:0,(anonymous_15)
DA:1,6
DA:3,6
DA:5,1
DA:14,1
DA:23,1
DA:32,1
DA:41,1
DA:50,1
DA:59,1
DA:71,0
DA:80,2
DA:89,1
DA:98,1
DA:107,1
DA:116,1
DA:128,0
DA:140,0
DA:152,0
LF:18
LH:14
BRDA:4,0,0,1
BRDA:13,1,0,1
BRDA:31,2,0,1
BRDA:49,3,0,1
BRDA:58,4,0,1
BRDA:79,5,0,2
BRDA:88,6,0,1
BRDA:97,7,0,1
BRDA:115,8,0,1
BRF:9
BRH:9
end_of_record
