TN:
SF:src\Binance.ts
FN:8,(anonymous_0)
FN:19,(anonymous_1)
FN:28,(anonymous_2)
FN:47,(anonymous_3)
FN:52,(anonymous_4)
FN:58,(anonymous_5)
FN:61,(anonymous_6)
FN:65,(anonymous_7)
FN:69,(anonymous_8)
FN:74,(anonymous_9)
FN:155,(anonymous_10)
FN:162,(anonymous_11)
FN:171,(anonymous_12)
FN:181,(anonymous_13)
FN:186,(anonymous_14)
FN:192,(anonymous_15)
FN:198,(anonymous_16)
FNF:17
FNH:16
FNDA:2,(anonymous_0)
FNDA:2,(anonymous_1)
FNDA:31,(anonymous_2)
FNDA:31,(anonymous_3)
FNDA:31,(anonymous_4)
FNDA:31,(anonymous_5)
FNDA:0,(anonymous_6)
FNDA:62,(anonymous_7)
FNDA:195,(anonymous_8)
FNDA:31,(anonymous_9)
FNDA:2,(anonymous_10)
FNDA:2,(anonymous_11)
FNDA:2,(anonymous_12)
FNDA:2,(anonymous_13)
FNDA:2,(anonymous_14)
FNDA:2,(anonymous_15)
FNDA:2,(anonymous_16)
DA:1,2
DA:2,2
DA:4,2
DA:5,2
DA:6,2
DA:8,2
DA:9,2
DA:14,2
DA:15,2
DA:17,2
DA:20,2
DA:21,2
DA:23,2
DA:24,2
DA:25,2
DA:29,31
DA:31,31
DA:36,31
DA:38,31
DA:39,31
DA:41,31
DA:42,31
DA:44,31
DA:47,31
DA:48,31
DA:53,31
DA:54,31
DA:56,31
DA:59,31
DA:61,0
DA:66,62
DA:69,195
DA:75,31
DA:79,31
DA:80,31
DA:83,31
DA:87,2
DA:88,2
DA:89,2
DA:90,2
DA:91,2
DA:92,2
DA:93,2
DA:94,2
DA:95,2
DA:96,2
DA:97,2
DA:98,2
DA:99,2
DA:100,2
DA:101,2
DA:102,2
DA:105,2
DA:106,2
DA:107,2
DA:108,2
DA:109,2
DA:110,2
DA:111,2
DA:112,2
DA:113,2
DA:114,2
DA:115,2
DA:116,2
DA:119,2
DA:120,2
DA:121,2
DA:122,2
DA:123,2
DA:124,2
DA:125,2
DA:126,2
DA:127,2
DA:128,2
DA:129,2
DA:130,2
DA:131,2
DA:132,2
DA:155,2
DA:156,2
DA:157,2
DA:158,2
DA:159,2
DA:162,2
DA:163,2
DA:164,2
DA:165,2
DA:166,2
DA:167,2
DA:168,2
DA:171,2
DA:172,2
DA:173,2
DA:174,2
DA:175,2
DA:176,2
DA:177,2
DA:178,2
DA:181,2
DA:182,2
DA:183,2
DA:186,2
DA:187,2
DA:188,2
DA:189,2
DA:192,2
DA:193,2
DA:194,2
DA:195,2
DA:198,2
DA:199,2
DA:200,2
DA:201,2
DA:202,2
DA:203,2
DA:204,2
DA:205,2
LF:117
LH:116
BRDA:19,0,0,0
BRDA:20,1,0,0
BRDA:20,1,1,2
BRDA:21,2,0,0
BRDA:21,2,1,2
BRDA:29,3,0,18
BRDA:29,3,1,13
BRDA:41,4,0,31
BRDA:41,4,1,0
BRDA:53,5,0,0
BRDA:53,5,1,31
BRDA:54,6,0,0
BRDA:54,6,1,31
BRDA:79,7,0,31
BRDA:79,7,1,0
BRDA:155,8,0,2
BRDA:155,8,1,2
BRDA:162,9,0,2
BRDA:162,9,1,2
BRDA:171,10,0,2
BRDA:171,10,1,2
BRDA:181,11,0,2
BRDA:181,11,1,2
BRDA:186,12,0,2
BRDA:186,12,1,2
BRDA:192,13,0,2
BRDA:192,13,1,2
BRDA:198,14,0,2
BRDA:198,14,1,2
BRDA:8,15,0,2
BRDA:8,15,1,2
BRF:31
BRH:24
end_of_record
TN:
SF:src\lib\Market.ts
FN:4,(anonymous_0)
FN:13,(anonymous_1)
FN:22,(anonymous_2)
FN:31,(anonymous_3)
FN:40,(anonymous_4)
FN:49,(anonymous_5)
FN:58,(anonymous_6)
FN:67,(anonymous_7)
FN:76,(anonymous_8)
FN:85,(anonymous_9)
FN:94,(anonymous_10)
FN:103,(anonymous_11)
FNF:12
FNH:0
FNDA:0,(anonymous_0)
FNDA:0,(anonymous_1)
FNDA:0,(anonymous_2)
FNDA:0,(anonymous_3)
FNDA:0,(anonymous_4)
FNDA:0,(anonymous_5)
FNDA:0,(anonymous_6)
FNDA:0,(anonymous_7)
FNDA:0,(anonymous_8)
FNDA:0,(anonymous_9)
FNDA:0,(anonymous_10)
FNDA:0,(anonymous_11)
DA:1,2
DA:3,2
DA:5,0
DA:14,0
DA:23,0
DA:32,0
DA:41,0
DA:50,0
DA:59,0
DA:68,0
DA:77,0
DA:86,0
DA:95,0
DA:104,0
LF:14
LH:2
BRDA:85,0,0,0
BRDA:94,1,0,0
BRDA:103,2,0,0
BRF:3
BRH:0
end_of_record
TN:
SF:src\lib\Spot.ts
FN:4,(anonymous_0)
FN:13,(anonymous_1)
FN:22,(anonymous_2)
FN:31,(anonymous_3)
FN:40,(anonymous_4)
FN:49,(anonymous_5)
FN:58,(anonymous_6)
FN:67,(anonymous_7)
FN:76,(anonymous_8)
FN:85,(anonymous_9)
FN:94,(anonymous_10)
FN:103,(anonymous_11)
FN:112,(anonymous_12)
FN:121,(anonymous_13)
FNF:14
FNH:14
FNDA:1,(anonymous_0)
FNDA:3,(anonymous_1)
FNDA:1,(anonymous_2)
FNDA:1,(anonymous_3)
FNDA:1,(anonymous_4)
FNDA:1,(anonymous_5)
FNDA:1,(anonymous_6)
FNDA:2,(anonymous_7)
FNDA:2,(anonymous_8)
FNDA:1,(anonymous_9)
FNDA:1,(anonymous_10)
FNDA:1,(anonymous_11)
FNDA:1,(anonymous_12)
FNDA:1,(anonymous_13)
DA:1,2
DA:3,2
DA:5,1
DA:14,3
DA:23,1
DA:32,1
DA:41,1
DA:50,1
DA:59,1
DA:68,2
DA:77,2
DA:86,1
DA:95,1
DA:104,1
DA:113,1
DA:122,1
LF:16
LH:16
BRDA:94,0,0,1
BRDA:103,1,0,1
BRDA:112,2,0,1
BRF:3
BRH:3
end_of_record
TN:
SF:src\lib\SubAccount.ts
FN:4,(anonymous_0)
FN:13,(anonymous_1)
FN:22,(anonymous_2)
FNF:3
FNH:0
FNDA:0,(anonymous_0)
FNDA:0,(anonymous_1)
FNDA:0,(anonymous_2)
DA:1,0
DA:3,0
DA:5,0
DA:14,0
DA:23,0
LF:5
LH:0
BRF:0
BRH:0
end_of_record
TN:
SF:src\lib\Wallet.ts
FN:4,(anonymous_0)
FN:13,(anonymous_1)
FN:22,(anonymous_2)
FN:31,(anonymous_3)
FN:40,(anonymous_4)
FN:49,(anonymous_5)
FN:58,(anonymous_6)
FN:67,(anonymous_7)
FN:76,(anonymous_8)
FN:85,(anonymous_9)
FN:94,(anonymous_10)
FN:103,(anonymous_11)
FN:112,(anonymous_12)
FN:121,(anonymous_13)
FN:130,(anonymous_14)
FN:139,(anonymous_15)
FNF:16
FNH:12
FNDA:1,(anonymous_0)
FNDA:1,(anonymous_1)
FNDA:1,(anonymous_2)
FNDA:1,(anonymous_3)
FNDA:1,(anonymous_4)
FNDA:1,(anonymous_5)
FNDA:1,(anonymous_6)
FNDA:0,(anonymous_7)
FNDA:2,(anonymous_8)
FNDA:1,(anonymous_9)
FNDA:1,(anonymous_10)
FNDA:1,(anonymous_11)
FNDA:1,(anonymous_12)
FNDA:0,(anonymous_13)
FNDA:0,(anonymous_14)
FNDA:0,(anonymous_15)
DA:1,2
DA:3,2
DA:5,1
DA:14,1
DA:23,1
DA:32,1
DA:41,1
DA:50,1
DA:59,1
DA:68,0
DA:77,2
DA:86,1
DA:95,1
DA:104,1
DA:113,1
DA:122,0
DA:131,0
DA:140,0
LF:18
LH:14
BRDA:4,0,0,1
BRDA:13,1,0,1
BRDA:31,2,0,1
BRDA:49,3,0,1
BRDA:58,4,0,1
BRDA:76,5,0,2
BRDA:85,6,0,1
BRDA:94,7,0,1
BRDA:112,8,0,1
BRF:9
BRH:9
end_of_record
